Apache Maven 3.1.1 (0728685237757ffbf44136acec0402957f723d9a; 2013-09-17 17:22:22+0200)
Maven home: C:\Java\apache-maven-3.1.1
Java version: 1.8.0_102, vendor: Oracle Corporation
Java home: C:\Java\jdk1.8.0_102\jre
Default locale: es_ES, platform encoding: Cp1252
OS name: "windows 10", version: "10.0", arch: "amd64", family: "dos"
[INFO] Error stacktraces are turned on.
[DEBUG] Reading global settings from C:\Java\apache-maven-3.1.1\conf\settings.xml
[DEBUG] Reading user settings from C:\Users\Santi\.m2\settings.xml
[DEBUG] Using local repository at c:\Users\Santi\.m2\repository
[DEBUG] Using manager EnhancedLocalRepositoryManager with priority 10.0 for c:\Users\Santi\.m2\repository
[INFO] Scanning for projects...
[DEBUG] Extension realms for project com.samajackun.argos:argos:pom:0.1.0-SNAPSHOT: (none)
[DEBUG] Looking up lifecyle mappings for packaging pom from ClassRealm[plexus.core, parent: null]
[DEBUG] Extension realms for project com.samajackun.argos:argos-api:jar:0.1.0-SNAPSHOT: (none)
[DEBUG] Looking up lifecyle mappings for packaging jar from ClassRealm[plexus.core, parent: null]
[INFO] ------------------------------------------------------------------------
[INFO] Reactor Build Order:
[INFO] 
[INFO] Argos project set
[INFO] Argos API
[DEBUG] === REACTOR BUILD PLAN ================================================
[DEBUG] Project: com.samajackun.argos:argos:pom:0.1.0-SNAPSHOT
[DEBUG] Tasks:   [clean, install]
[DEBUG] Style:   Regular
[DEBUG] -----------------------------------------------------------------------
[DEBUG] Project: com.samajackun.argos:argos-api:jar:0.1.0-SNAPSHOT
[DEBUG] Tasks:   [clean, install]
[DEBUG] Style:   Regular
[DEBUG] =======================================================================
[INFO]                                                                         
[INFO] ------------------------------------------------------------------------
[INFO] Building Argos project set 0.1.0-SNAPSHOT
[INFO] ------------------------------------------------------------------------
[DEBUG] Lifecycle default -> [validate, initialize, generate-sources, process-sources, generate-resources, process-resources, compile, process-classes, generate-test-sources, process-test-sources, generate-test-resources, process-test-resources, test-compile, process-test-classes, test, prepare-package, package, pre-integration-test, integration-test, post-integration-test, verify, install, deploy]
[DEBUG] Lifecycle clean -> [pre-clean, clean, post-clean]
[DEBUG] Lifecycle site -> [pre-site, site, post-site, site-deploy]
[DEBUG] Lifecycle default -> [validate, initialize, generate-sources, process-sources, generate-resources, process-resources, compile, process-classes, generate-test-sources, process-test-sources, generate-test-resources, process-test-resources, test-compile, process-test-classes, test, prepare-package, package, pre-integration-test, integration-test, post-integration-test, verify, install, deploy]
[DEBUG] Lifecycle clean -> [pre-clean, clean, post-clean]
[DEBUG] Lifecycle site -> [pre-site, site, post-site, site-deploy]
[DEBUG] Lifecycle default -> [validate, initialize, generate-sources, process-sources, generate-resources, process-resources, compile, process-classes, generate-test-sources, process-test-sources, generate-test-resources, process-test-resources, test-compile, process-test-classes, test, prepare-package, package, pre-integration-test, integration-test, post-integration-test, verify, install, deploy]
[DEBUG] Lifecycle clean -> [pre-clean, clean, post-clean]
[DEBUG] Lifecycle site -> [pre-site, site, post-site, site-deploy]
[DEBUG] Lifecycle default -> [validate, initialize, generate-sources, process-sources, generate-resources, process-resources, compile, process-classes, generate-test-sources, process-test-sources, generate-test-resources, process-test-resources, test-compile, process-test-classes, test, prepare-package, package, pre-integration-test, integration-test, post-integration-test, verify, install, deploy]
[DEBUG] Lifecycle clean -> [pre-clean, clean, post-clean]
[DEBUG] Lifecycle site -> [pre-site, site, post-site, site-deploy]
[DEBUG] === PROJECT BUILD PLAN ================================================
[DEBUG] Project:       com.samajackun.argos:argos:0.1.0-SNAPSHOT
[DEBUG] Dependencies (collect): []
[DEBUG] Dependencies (resolve): []
[DEBUG] Repositories (dependencies): [central (http://repo.maven.apache.org/maven2, releases)]
[DEBUG] Repositories (plugins)     : [central (http://repo.maven.apache.org/maven2, releases)]
[DEBUG] -----------------------------------------------------------------------
[DEBUG] Goal:          org.apache.maven.plugins:maven-clean-plugin:2.5:clean (default-clean)
[DEBUG] Style:         Regular
[DEBUG] Configuration: <?xml version="1.0" encoding="UTF-8"?>
<configuration>
  <directory default-value="${project.build.directory}"/>
  <excludeDefaultDirectories default-value="false">${clean.excludeDefaultDirectories}</excludeDefaultDirectories>
  <failOnError default-value="true">${maven.clean.failOnError}</failOnError>
  <followSymLinks default-value="false">${clean.followSymLinks}</followSymLinks>
  <outputDirectory default-value="${project.build.outputDirectory}"/>
  <reportDirectory default-value="${project.reporting.outputDirectory}"/>
  <retryOnError default-value="true">${maven.clean.retryOnError}</retryOnError>
  <skip default-value="false">${clean.skip}</skip>
  <testOutputDirectory default-value="${project.build.testOutputDirectory}"/>
  <verbose>${clean.verbose}</verbose>
</configuration>
[DEBUG] -----------------------------------------------------------------------
[DEBUG] Goal:          org.apache.maven.plugins:maven-install-plugin:2.4:install (default-install)
[DEBUG] Style:         Regular
[DEBUG] Configuration: <?xml version="1.0" encoding="UTF-8"?>
<configuration>
  <artifact default-value="${project.artifact}"/>
  <attachedArtifacts default-value="${project.attachedArtifacts}"/>
  <createChecksum default-value="false">${createChecksum}</createChecksum>
  <localRepository>${localRepository}</localRepository>
  <packaging default-value="${project.packaging}"/>
  <pomFile default-value="${project.file}"/>
  <skip default-value="false">${maven.install.skip}</skip>
  <updateReleaseInfo default-value="false">${updateReleaseInfo}</updateReleaseInfo>
</configuration>
[DEBUG] =======================================================================
[INFO] 
[INFO] --- maven-clean-plugin:2.5:clean (default-clean) @ argos ---
[DEBUG] Created new class realm maven.api
[DEBUG] Importing foreign packages into class realm maven.api
[DEBUG]   Imported: org.apache.maven.cli < plexus.core
[DEBUG]   Imported: org.eclipse.aether.internal.impl < plexus.core
[DEBUG]   Imported: org.codehaus.plexus.lifecycle < plexus.core
[DEBUG]   Imported: org.apache.maven.lifecycle < plexus.core
[DEBUG]   Imported: org.apache.maven.repository < plexus.core
[DEBUG]   Imported: org.codehaus.plexus.personality < plexus.core
[DEBUG]   Imported: org.apache.maven.usability < plexus.core
[DEBUG]   Imported: org.codehaus.plexus.configuration < plexus.core
[DEBUG]   Imported: javax.enterprise.inject.* < plexus.core
[DEBUG]   Imported: org.apache.maven.* < plexus.core
[DEBUG]   Imported: org.apache.maven.project < plexus.core
[DEBUG]   Imported: org.apache.maven.exception < plexus.core
[DEBUG]   Imported: org.eclipse.aether.spi < plexus.core
[DEBUG]   Imported: org.apache.maven.plugin < plexus.core
[DEBUG]   Imported: org.eclipse.aether.collection < plexus.core
[DEBUG]   Imported: org.codehaus.plexus.* < plexus.core
[DEBUG]   Imported: org.codehaus.plexus.logging < plexus.core
[DEBUG]   Imported: org.apache.maven.profiles < plexus.core
[DEBUG]   Imported: org.eclipse.aether.transfer < plexus.core
[DEBUG]   Imported: org.codehaus.plexus.util.xml.pull.XmlPullParserException < plexus.core
[DEBUG]   Imported: org.apache.maven.wagon.* < plexus.core
[DEBUG]   Imported: org.apache.maven.rtinfo < plexus.core
[DEBUG]   Imported: org.eclipse.aether.impl < plexus.core
[DEBUG]   Imported: org.apache.maven.monitor < plexus.core
[DEBUG]   Imported: org.eclipse.aether.graph < plexus.core
[DEBUG]   Imported: org.eclipse.aether.metadata < plexus.core
[DEBUG]   Imported: org.codehaus.plexus.context < plexus.core
[DEBUG]   Imported: org.apache.maven.wagon.observers < plexus.core
[DEBUG]   Imported: org.apache.maven.wagon.resource < plexus.core
[DEBUG]   Imported: javax.inject.* < plexus.core
[DEBUG]   Imported: org.apache.maven.model < plexus.core
[DEBUG]   Imported: org.codehaus.plexus.util.xml.Xpp3Dom < plexus.core
[DEBUG]   Imported: org.eclipse.aether.deployment < plexus.core
[DEBUG]   Imported: org.apache.maven.artifact < plexus.core
[DEBUG]   Imported: org.apache.maven.toolchain < plexus.core
[DEBUG]   Imported: org.eclipse.aether.resolution < plexus.core
[DEBUG]   Imported: org.codehaus.plexus.util.xml.pull.XmlSerializer < plexus.core
[DEBUG]   Imported: org.apache.maven.settings < plexus.core
[DEBUG]   Imported: org.apache.maven.wagon.authorization < plexus.core
[DEBUG]   Imported: org.apache.maven.wagon.events < plexus.core
[DEBUG]   Imported: org.apache.maven.wagon.authentication < plexus.core
[DEBUG]   Imported: org.apache.maven.reporting < plexus.core
[DEBUG]   Imported: org.eclipse.aether.repository < plexus.core
[DEBUG]   Imported: org.slf4j.* < plexus.core
[DEBUG]   Imported: org.apache.maven.wagon.repository < plexus.core
[DEBUG]   Imported: org.apache.maven.configuration < plexus.core
[DEBUG]   Imported: org.codehaus.plexus.classworlds < plexus.core
[DEBUG]   Imported: org.codehaus.classworlds < plexus.core
[DEBUG]   Imported: org.codehaus.plexus.util.xml.pull.XmlPullParser < plexus.core
[DEBUG]   Imported: org.apache.maven.classrealm < plexus.core
[DEBUG]   Imported: org.eclipse.aether.* < plexus.core
[DEBUG]   Imported: org.eclipse.aether.artifact < plexus.core
[DEBUG]   Imported: org.apache.maven.execution < plexus.core
[DEBUG]   Imported: org.apache.maven.wagon.proxy < plexus.core
[DEBUG]   Imported: org.codehaus.plexus.container < plexus.core
[DEBUG]   Imported: org.eclipse.aether.version < plexus.core
[DEBUG]   Imported: org.eclipse.aether.installation < plexus.core
[DEBUG]   Imported: org.codehaus.plexus.component < plexus.core
[DEBUG] Populating class realm maven.api
[DEBUG] Dependency collection stats: {ConflictMarker.analyzeTime=1, ConflictMarker.markTime=1, ConflictMarker.nodeCount=3, ConflictIdSorter.graphTime=1, ConflictIdSorter.topsortTime=0, ConflictIdSorter.conflictIdCount=3, ConflictIdSorter.conflictIdCycleCount=0, ConflictResolver.totalTime=4, ConflictResolver.conflictItemCount=3, DefaultDependencyCollector.collectTime=51, DefaultDependencyCollector.transformTime=9}
[DEBUG] org.apache.maven.plugins:maven-clean-plugin:jar:2.5:
[DEBUG]    org.apache.maven:maven-plugin-api:jar:2.0.6:compile
[DEBUG]    org.codehaus.plexus:plexus-utils:jar:3.0:compile
[DEBUG] Created new class realm plugin>org.apache.maven.plugins:maven-clean-plugin:2.5
[DEBUG] Importing foreign packages into class realm plugin>org.apache.maven.plugins:maven-clean-plugin:2.5
[DEBUG]   Imported:  < maven.api
[DEBUG] Populating class realm plugin>org.apache.maven.plugins:maven-clean-plugin:2.5
[DEBUG]   Included: org.apache.maven.plugins:maven-clean-plugin:jar:2.5
[DEBUG]   Included: org.codehaus.plexus:plexus-utils:jar:3.0
[DEBUG]   Excluded: org.apache.maven:maven-plugin-api:jar:2.0.6
[DEBUG] Configuring mojo org.apache.maven.plugins:maven-clean-plugin:2.5:clean from plugin realm ClassRealm[plugin>org.apache.maven.plugins:maven-clean-plugin:2.5, parent: sun.misc.Launcher$AppClassLoader@5c647e05]
[DEBUG] Configuring mojo 'org.apache.maven.plugins:maven-clean-plugin:2.5:clean' with basic configurator -->
[DEBUG]   (f) directory = S:\proyectos\argos\target
[DEBUG]   (f) excludeDefaultDirectories = false
[DEBUG]   (f) failOnError = true
[DEBUG]   (f) followSymLinks = false
[DEBUG]   (f) outputDirectory = S:\proyectos\argos\target\classes
[DEBUG]   (f) reportDirectory = S:\proyectos\argos\target\site
[DEBUG]   (f) retryOnError = true
[DEBUG]   (f) skip = false
[DEBUG]   (f) testOutputDirectory = S:\proyectos\argos\target\test-classes
[DEBUG] -- end configuration --
[DEBUG] Skipping non-existing directory S:\proyectos\argos\target
[DEBUG] Skipping non-existing directory S:\proyectos\argos\target\classes
[DEBUG] Skipping non-existing directory S:\proyectos\argos\target\test-classes
[DEBUG] Skipping non-existing directory S:\proyectos\argos\target\site
[INFO] 
[INFO] --- maven-install-plugin:2.4:install (default-install) @ argos ---
[DEBUG] Dependency collection stats: {ConflictMarker.analyzeTime=0, ConflictMarker.markTime=1, ConflictMarker.nodeCount=38, ConflictIdSorter.graphTime=0, ConflictIdSorter.topsortTime=0, ConflictIdSorter.conflictIdCount=15, ConflictIdSorter.conflictIdCycleCount=0, ConflictResolver.totalTime=2, ConflictResolver.conflictItemCount=35, DefaultDependencyCollector.collectTime=117, DefaultDependencyCollector.transformTime=3}
[DEBUG] org.apache.maven.plugins:maven-install-plugin:jar:2.4:
[DEBUG]    org.apache.maven:maven-plugin-api:jar:2.0.6:compile
[DEBUG]    org.apache.maven:maven-project:jar:2.0.6:compile
[DEBUG]       org.apache.maven:maven-settings:jar:2.0.6:compile
[DEBUG]       org.apache.maven:maven-profile:jar:2.0.6:compile
[DEBUG]       org.apache.maven:maven-plugin-registry:jar:2.0.6:compile
[DEBUG]       org.codehaus.plexus:plexus-container-default:jar:1.0-alpha-9-stable-1:compile
[DEBUG]          junit:junit:jar:3.8.1:compile
[DEBUG]          classworlds:classworlds:jar:1.1-alpha-2:compile
[DEBUG]    org.apache.maven:maven-model:jar:2.0.6:compile
[DEBUG]    org.apache.maven:maven-artifact-manager:jar:2.0.6:compile
[DEBUG]       org.apache.maven:maven-repository-metadata:jar:2.0.6:compile
[DEBUG]    org.apache.maven:maven-artifact:jar:2.0.6:compile
[DEBUG]    org.codehaus.plexus:plexus-utils:jar:3.0.5:compile
[DEBUG]    org.codehaus.plexus:plexus-digest:jar:1.0:compile
[DEBUG] Created new class realm plugin>org.apache.maven.plugins:maven-install-plugin:2.4
[DEBUG] Importing foreign packages into class realm plugin>org.apache.maven.plugins:maven-install-plugin:2.4
[DEBUG]   Imported:  < maven.api
[DEBUG] Populating class realm plugin>org.apache.maven.plugins:maven-install-plugin:2.4
[DEBUG]   Included: org.apache.maven.plugins:maven-install-plugin:jar:2.4
[DEBUG]   Included: junit:junit:jar:3.8.1
[DEBUG]   Included: org.codehaus.plexus:plexus-utils:jar:3.0.5
[DEBUG]   Included: org.codehaus.plexus:plexus-digest:jar:1.0
[DEBUG]   Excluded: org.apache.maven:maven-plugin-api:jar:2.0.6
[DEBUG]   Excluded: org.apache.maven:maven-project:jar:2.0.6
[DEBUG]   Excluded: org.apache.maven:maven-settings:jar:2.0.6
[DEBUG]   Excluded: org.apache.maven:maven-profile:jar:2.0.6
[DEBUG]   Excluded: org.apache.maven:maven-plugin-registry:jar:2.0.6
[DEBUG]   Excluded: org.codehaus.plexus:plexus-container-default:jar:1.0-alpha-9-stable-1
[DEBUG]   Excluded: classworlds:classworlds:jar:1.1-alpha-2
[DEBUG]   Excluded: org.apache.maven:maven-model:jar:2.0.6
[DEBUG]   Excluded: org.apache.maven:maven-artifact-manager:jar:2.0.6
[DEBUG]   Excluded: org.apache.maven:maven-repository-metadata:jar:2.0.6
[DEBUG]   Excluded: org.apache.maven:maven-artifact:jar:2.0.6
[DEBUG] Configuring mojo org.apache.maven.plugins:maven-install-plugin:2.4:install from plugin realm ClassRealm[plugin>org.apache.maven.plugins:maven-install-plugin:2.4, parent: sun.misc.Launcher$AppClassLoader@5c647e05]
[DEBUG] Configuring mojo 'org.apache.maven.plugins:maven-install-plugin:2.4:install' with basic configurator -->
[DEBUG]   (f) artifact = com.samajackun.argos:argos:pom:0.1.0-SNAPSHOT
[DEBUG]   (f) attachedArtifacts = []
[DEBUG]   (f) createChecksum = false
[DEBUG]   (f) localRepository =        id: local
      url: file:///c:/Users/Santi/.m2/repository/
   layout: none

[DEBUG]   (f) packaging = pom
[DEBUG]   (f) pomFile = S:\proyectos\argos\pom.xml
[DEBUG]   (s) skip = false
[DEBUG]   (f) updateReleaseInfo = false
[DEBUG] -- end configuration --
[INFO] Installing S:\proyectos\argos\pom.xml to c:\Users\Santi\.m2\repository\com\samajackun\argos\argos\0.1.0-SNAPSHOT\argos-0.1.0-SNAPSHOT.pom
[DEBUG] Writing tracking file c:\Users\Santi\.m2\repository\com\samajackun\argos\argos\0.1.0-SNAPSHOT\_remote.repositories
[DEBUG] Installing com.samajackun.argos:argos:0.1.0-SNAPSHOT/maven-metadata.xml to c:\Users\Santi\.m2\repository\com\samajackun\argos\argos\0.1.0-SNAPSHOT\maven-metadata-local.xml
[DEBUG] Installing com.samajackun.argos:argos/maven-metadata.xml to c:\Users\Santi\.m2\repository\com\samajackun\argos\argos\maven-metadata-local.xml
[INFO]                                                                         
[INFO] ------------------------------------------------------------------------
[INFO] Building Argos API 0.1.0-SNAPSHOT
[INFO] ------------------------------------------------------------------------
[DEBUG] Lifecycle default -> [validate, initialize, generate-sources, process-sources, generate-resources, process-resources, compile, process-classes, generate-test-sources, process-test-sources, generate-test-resources, process-test-resources, test-compile, process-test-classes, test, prepare-package, package, pre-integration-test, integration-test, post-integration-test, verify, install, deploy]
[DEBUG] Lifecycle clean -> [pre-clean, clean, post-clean]
[DEBUG] Lifecycle site -> [pre-site, site, post-site, site-deploy]
[DEBUG] Lifecycle default -> [validate, initialize, generate-sources, process-sources, generate-resources, process-resources, compile, process-classes, generate-test-sources, process-test-sources, generate-test-resources, process-test-resources, test-compile, process-test-classes, test, prepare-package, package, pre-integration-test, integration-test, post-integration-test, verify, install, deploy]
[DEBUG] Lifecycle clean -> [pre-clean, clean, post-clean]
[DEBUG] Lifecycle site -> [pre-site, site, post-site, site-deploy]
[DEBUG] Lifecycle default -> [validate, initialize, generate-sources, process-sources, generate-resources, process-resources, compile, process-classes, generate-test-sources, process-test-sources, generate-test-resources, process-test-resources, test-compile, process-test-classes, test, prepare-package, package, pre-integration-test, integration-test, post-integration-test, verify, install, deploy]
[DEBUG] Lifecycle clean -> [pre-clean, clean, post-clean]
[DEBUG] Lifecycle site -> [pre-site, site, post-site, site-deploy]
[DEBUG] Lifecycle default -> [validate, initialize, generate-sources, process-sources, generate-resources, process-resources, compile, process-classes, generate-test-sources, process-test-sources, generate-test-resources, process-test-resources, test-compile, process-test-classes, test, prepare-package, package, pre-integration-test, integration-test, post-integration-test, verify, install, deploy]
[DEBUG] Lifecycle clean -> [pre-clean, clean, post-clean]
[DEBUG] Lifecycle site -> [pre-site, site, post-site, site-deploy]
[DEBUG] Lifecycle default -> [validate, initialize, generate-sources, process-sources, generate-resources, process-resources, compile, process-classes, generate-test-sources, process-test-sources, generate-test-resources, process-test-resources, test-compile, process-test-classes, test, prepare-package, package, pre-integration-test, integration-test, post-integration-test, verify, install, deploy]
[DEBUG] Lifecycle clean -> [pre-clean, clean, post-clean]
[DEBUG] Lifecycle site -> [pre-site, site, post-site, site-deploy]
[DEBUG] Lifecycle default -> [validate, initialize, generate-sources, process-sources, generate-resources, process-resources, compile, process-classes, generate-test-sources, process-test-sources, generate-test-resources, process-test-resources, test-compile, process-test-classes, test, prepare-package, package, pre-integration-test, integration-test, post-integration-test, verify, install, deploy]
[DEBUG] Lifecycle clean -> [pre-clean, clean, post-clean]
[DEBUG] Lifecycle site -> [pre-site, site, post-site, site-deploy]
[DEBUG] Lifecycle default -> [validate, initialize, generate-sources, process-sources, generate-resources, process-resources, compile, process-classes, generate-test-sources, process-test-sources, generate-test-resources, process-test-resources, test-compile, process-test-classes, test, prepare-package, package, pre-integration-test, integration-test, post-integration-test, verify, install, deploy]
[DEBUG] Lifecycle clean -> [pre-clean, clean, post-clean]
[DEBUG] Lifecycle site -> [pre-site, site, post-site, site-deploy]
[DEBUG] Lifecycle default -> [validate, initialize, generate-sources, process-sources, generate-resources, process-resources, compile, process-classes, generate-test-sources, process-test-sources, generate-test-resources, process-test-resources, test-compile, process-test-classes, test, prepare-package, package, pre-integration-test, integration-test, post-integration-test, verify, install, deploy]
[DEBUG] Lifecycle clean -> [pre-clean, clean, post-clean]
[DEBUG] Lifecycle site -> [pre-site, site, post-site, site-deploy]
[DEBUG] Lifecycle default -> [validate, initialize, generate-sources, process-sources, generate-resources, process-resources, compile, process-classes, generate-test-sources, process-test-sources, generate-test-resources, process-test-resources, test-compile, process-test-classes, test, prepare-package, package, pre-integration-test, integration-test, post-integration-test, verify, install, deploy]
[DEBUG] Lifecycle clean -> [pre-clean, clean, post-clean]
[DEBUG] Lifecycle site -> [pre-site, site, post-site, site-deploy]
[DEBUG] Lifecycle default -> [validate, initialize, generate-sources, process-sources, generate-resources, process-resources, compile, process-classes, generate-test-sources, process-test-sources, generate-test-resources, process-test-resources, test-compile, process-test-classes, test, prepare-package, package, pre-integration-test, integration-test, post-integration-test, verify, install, deploy]
[DEBUG] Lifecycle clean -> [pre-clean, clean, post-clean]
[DEBUG] Lifecycle site -> [pre-site, site, post-site, site-deploy]
[DEBUG] === PROJECT BUILD PLAN ================================================
[DEBUG] Project:       com.samajackun.argos:argos-api:0.1.0-SNAPSHOT
[DEBUG] Dependencies (collect): []
[DEBUG] Dependencies (resolve): [compile, runtime, test]
[DEBUG] Repositories (dependencies): [central (http://repo.maven.apache.org/maven2, releases)]
[DEBUG] Repositories (plugins)     : [central (http://repo.maven.apache.org/maven2, releases)]
[DEBUG] -----------------------------------------------------------------------
[DEBUG] Goal:          org.apache.maven.plugins:maven-clean-plugin:2.5:clean (default-clean)
[DEBUG] Style:         Regular
[DEBUG] Configuration: <?xml version="1.0" encoding="UTF-8"?>
<configuration>
  <directory default-value="${project.build.directory}"/>
  <excludeDefaultDirectories default-value="false">${clean.excludeDefaultDirectories}</excludeDefaultDirectories>
  <failOnError default-value="true">${maven.clean.failOnError}</failOnError>
  <followSymLinks default-value="false">${clean.followSymLinks}</followSymLinks>
  <outputDirectory default-value="${project.build.outputDirectory}"/>
  <reportDirectory default-value="${project.reporting.outputDirectory}"/>
  <retryOnError default-value="true">${maven.clean.retryOnError}</retryOnError>
  <skip default-value="false">${clean.skip}</skip>
  <testOutputDirectory default-value="${project.build.testOutputDirectory}"/>
  <verbose>${clean.verbose}</verbose>
</configuration>
[DEBUG] -----------------------------------------------------------------------
[DEBUG] Goal:          org.apache.maven.plugins:maven-resources-plugin:2.6:resources (default-resources)
[DEBUG] Style:         Regular
[DEBUG] Configuration: <?xml version="1.0" encoding="UTF-8"?>
<configuration>
  <buildFilters default-value="${project.build.filters}"/>
  <encoding default-value="${project.build.sourceEncoding}">${encoding}</encoding>
  <escapeString>${maven.resources.escapeString}</escapeString>
  <escapeWindowsPaths default-value="true">${maven.resources.escapeWindowsPaths}</escapeWindowsPaths>
  <includeEmptyDirs default-value="false">${maven.resources.includeEmptyDirs}</includeEmptyDirs>
  <outputDirectory default-value="${project.build.outputDirectory}"/>
  <overwrite default-value="false">${maven.resources.overwrite}</overwrite>
  <project default-value="${project}"/>
  <resources default-value="${project.resources}"/>
  <session default-value="${session}"/>
  <supportMultiLineFiltering default-value="false">${maven.resources.supportMultiLineFiltering}</supportMultiLineFiltering>
  <useBuildFilters default-value="true"/>
  <useDefaultDelimiters default-value="true"/>
</configuration>
[DEBUG] -----------------------------------------------------------------------
[DEBUG] Goal:          org.apache.maven.plugins:maven-compiler-plugin:3.8.0:compile (default-compile)
[DEBUG] Style:         Regular
[DEBUG] Configuration: <?xml version="1.0" encoding="UTF-8"?>
<configuration>
  <basedir default-value="${basedir}"/>
  <buildDirectory default-value="${project.build.directory}"/>
  <compilePath default-value="${project.compileClasspathElements}"/>
  <compileSourceRoots default-value="${project.compileSourceRoots}"/>
  <compilerId default-value="javac">${maven.compiler.compilerId}</compilerId>
  <compilerReuseStrategy default-value="${reuseCreated}">${maven.compiler.compilerReuseStrategy}</compilerReuseStrategy>
  <compilerVersion>1.8</compilerVersion>
  <debug default-value="true">${maven.compiler.debug}</debug>
  <debuglevel>${maven.compiler.debuglevel}</debuglevel>
  <encoding default-value="${project.build.sourceEncoding}">${encoding}</encoding>
  <executable>${maven.compiler.executable}</executable>
  <failOnError default-value="true">${maven.compiler.failOnError}</failOnError>
  <failOnWarning default-value="false">${maven.compiler.failOnWarning}</failOnWarning>
  <forceJavacCompilerUse default-value="false">${maven.compiler.forceJavacCompilerUse}</forceJavacCompilerUse>
  <fork default-value="false">${maven.compiler.fork}</fork>
  <generatedSourcesDirectory default-value="${project.build.directory}/generated-sources/annotations"/>
  <maxmem>${maven.compiler.maxmem}</maxmem>
  <meminitial>${maven.compiler.meminitial}</meminitial>
  <mojoExecution default-value="${mojoExecution}"/>
  <optimize default-value="false">${maven.compiler.optimize}</optimize>
  <outputDirectory default-value="${project.build.outputDirectory}"/>
  <parameters default-value="false">${maven.compiler.parameters}</parameters>
  <project default-value="${project}"/>
  <projectArtifact default-value="${project.artifact}"/>
  <release>${maven.compiler.release}</release>
  <session default-value="${session}"/>
  <showDeprecation default-value="false">${maven.compiler.showDeprecation}</showDeprecation>
  <showWarnings default-value="false">${maven.compiler.showWarnings}</showWarnings>
  <skipMain>${maven.main.skip}</skipMain>
  <skipMultiThreadWarning default-value="false">${maven.compiler.skipMultiThreadWarning}</skipMultiThreadWarning>
  <source default-value="1.6">1.8</source>
  <staleMillis default-value="0">${lastModGranularityMs}</staleMillis>
  <target default-value="1.6">1.8</target>
  <useIncrementalCompilation default-value="true">${maven.compiler.useIncrementalCompilation}</useIncrementalCompilation>
  <verbose default-value="false">${maven.compiler.verbose}</verbose>
</configuration>
[DEBUG] -----------------------------------------------------------------------
[DEBUG] Goal:          org.apache.maven.plugins:maven-resources-plugin:2.6:testResources (default-testResources)
[DEBUG] Style:         Regular
[DEBUG] Configuration: <?xml version="1.0" encoding="UTF-8"?>
<configuration>
  <buildFilters default-value="${project.build.filters}"/>
  <encoding default-value="${project.build.sourceEncoding}">${encoding}</encoding>
  <escapeString>${maven.resources.escapeString}</escapeString>
  <escapeWindowsPaths default-value="true">${maven.resources.escapeWindowsPaths}</escapeWindowsPaths>
  <includeEmptyDirs default-value="false">${maven.resources.includeEmptyDirs}</includeEmptyDirs>
  <outputDirectory default-value="${project.build.testOutputDirectory}"/>
  <overwrite default-value="false">${maven.resources.overwrite}</overwrite>
  <project default-value="${project}"/>
  <resources default-value="${project.testResources}"/>
  <session default-value="${session}"/>
  <skip>${maven.test.skip}</skip>
  <supportMultiLineFiltering default-value="false">${maven.resources.supportMultiLineFiltering}</supportMultiLineFiltering>
  <useBuildFilters default-value="true"/>
  <useDefaultDelimiters default-value="true"/>
</configuration>
[DEBUG] -----------------------------------------------------------------------
[DEBUG] Goal:          org.apache.maven.plugins:maven-compiler-plugin:3.8.0:testCompile (default-testCompile)
[DEBUG] Style:         Regular
[DEBUG] Configuration: <?xml version="1.0" encoding="UTF-8"?>
<configuration>
  <basedir default-value="${basedir}"/>
  <buildDirectory default-value="${project.build.directory}"/>
  <compilePath default-value="${project.compileClasspathElements}"/>
  <compileSourceRoots default-value="${project.testCompileSourceRoots}"/>
  <compilerId default-value="javac">${maven.compiler.compilerId}</compilerId>
  <compilerReuseStrategy default-value="${reuseCreated}">${maven.compiler.compilerReuseStrategy}</compilerReuseStrategy>
  <compilerVersion>1.8</compilerVersion>
  <debug default-value="true">${maven.compiler.debug}</debug>
  <debuglevel>${maven.compiler.debuglevel}</debuglevel>
  <encoding default-value="${project.build.sourceEncoding}">${encoding}</encoding>
  <executable>${maven.compiler.executable}</executable>
  <failOnError default-value="true">${maven.compiler.failOnError}</failOnError>
  <failOnWarning default-value="false">${maven.compiler.failOnWarning}</failOnWarning>
  <forceJavacCompilerUse default-value="false">${maven.compiler.forceJavacCompilerUse}</forceJavacCompilerUse>
  <fork default-value="false">${maven.compiler.fork}</fork>
  <generatedTestSourcesDirectory default-value="${project.build.directory}/generated-test-sources/test-annotations"/>
  <maxmem>${maven.compiler.maxmem}</maxmem>
  <meminitial>${maven.compiler.meminitial}</meminitial>
  <mojoExecution default-value="${mojoExecution}"/>
  <optimize default-value="false">${maven.compiler.optimize}</optimize>
  <outputDirectory default-value="${project.build.testOutputDirectory}"/>
  <parameters default-value="false">${maven.compiler.parameters}</parameters>
  <project default-value="${project}"/>
  <release>${maven.compiler.release}</release>
  <session default-value="${session}"/>
  <showDeprecation default-value="false">${maven.compiler.showDeprecation}</showDeprecation>
  <showWarnings default-value="false">${maven.compiler.showWarnings}</showWarnings>
  <skip>${maven.test.skip}</skip>
  <skipMultiThreadWarning default-value="false">${maven.compiler.skipMultiThreadWarning}</skipMultiThreadWarning>
  <source default-value="1.6">1.8</source>
  <staleMillis default-value="0">${lastModGranularityMs}</staleMillis>
  <target default-value="1.6">1.8</target>
  <testPath default-value="${project.testClasspathElements}"/>
  <testRelease>${maven.compiler.testRelease}</testRelease>
  <testSource>${maven.compiler.testSource}</testSource>
  <testTarget>${maven.compiler.testTarget}</testTarget>
  <useIncrementalCompilation default-value="true">${maven.compiler.useIncrementalCompilation}</useIncrementalCompilation>
  <verbose default-value="false">${maven.compiler.verbose}</verbose>
</configuration>
[DEBUG] -----------------------------------------------------------------------
[DEBUG] Goal:          org.apache.maven.plugins:maven-surefire-plugin:2.22.0:test (default-test)
[DEBUG] Style:         Regular
[DEBUG] Configuration: <?xml version="1.0" encoding="UTF-8"?>
<configuration>
  <additionalClasspathElements>${maven.test.additionalClasspath}</additionalClasspathElements>
  <argLine>${argLine}</argLine>
  <basedir default-value="${basedir}"/>
  <childDelegation default-value="false">${childDelegation}</childDelegation>
  <classesDirectory default-value="${project.build.outputDirectory}"/>
  <classpathDependencyExcludes>${maven.test.dependency.excludes}</classpathDependencyExcludes>
  <debugForkedProcess>${maven.surefire.debug}</debugForkedProcess>
  <dependenciesToScan>${dependenciesToScan}</dependenciesToScan>
  <disableXmlReport default-value="false">${disableXmlReport}</disableXmlReport>
  <enableAssertions default-value="true">${enableAssertions}</enableAssertions>
  <encoding default-value="${project.reporting.outputEncoding}">${surefire.encoding}</encoding>
  <excludedGroups>${excludedGroups}</excludedGroups>
  <excludesFile>${surefire.excludesFile}</excludesFile>
  <failIfNoSpecifiedTests>${surefire.failIfNoSpecifiedTests}</failIfNoSpecifiedTests>
  <failIfNoTests>${failIfNoTests}</failIfNoTests>
  <forkCount default-value="1">${forkCount}</forkCount>
  <forkMode default-value="once">${forkMode}</forkMode>
  <forkedProcessExitTimeoutInSeconds default-value="30">${surefire.exitTimeout}</forkedProcessExitTimeoutInSeconds>
  <forkedProcessTimeoutInSeconds>${surefire.timeout}</forkedProcessTimeoutInSeconds>
  <groups>${groups}</groups>
  <includesFile>${surefire.includesFile}</includesFile>
  <junitArtifactName default-value="junit:junit">${junitArtifactName}</junitArtifactName>
  <junitPlatformArtifactName default-value="org.junit.platform:junit-platform-engine">${junitPlatformArtifactName}</junitPlatformArtifactName>
  <jvm>${jvm}</jvm>
  <localRepository default-value="${localRepository}"/>
  <objectFactory>${objectFactory}</objectFactory>
  <parallel>${parallel}</parallel>
  <parallelMavenExecution default-value="${session.parallel}"/>
  <parallelOptimized default-value="true">${parallelOptimized}</parallelOptimized>
  <parallelTestsTimeoutForcedInSeconds>${surefire.parallel.forcedTimeout}</parallelTestsTimeoutForcedInSeconds>
  <parallelTestsTimeoutInSeconds>${surefire.parallel.timeout}</parallelTestsTimeoutInSeconds>
  <perCoreThreadCount default-value="true">${perCoreThreadCount}</perCoreThreadCount>
  <pluginArtifactMap>${plugin.artifactMap}</pluginArtifactMap>
  <pluginDescriptor default-value="${plugin}"/>
  <printSummary default-value="true">${surefire.printSummary}</printSummary>
  <projectArtifactMap>${project.artifactMap}</projectArtifactMap>
  <projectBuildDirectory default-value="${project.build.directory}"/>
  <redirectTestOutputToFile default-value="false">true</redirectTestOutputToFile>
  <remoteRepositories default-value="${project.pluginArtifactRepositories}"/>
  <reportFormat default-value="brief">${surefire.reportFormat}</reportFormat>
  <reportNameSuffix default-value="">${surefire.reportNameSuffix}</reportNameSuffix>
  <reportsDirectory default-value="${project.build.directory}/surefire-reports"/>
  <rerunFailingTestsCount default-value="0">${surefire.rerunFailingTestsCount}</rerunFailingTestsCount>
  <reuseForks default-value="true">${reuseForks}</reuseForks>
  <runOrder default-value="filesystem">${surefire.runOrder}</runOrder>
  <shutdown default-value="testset">${surefire.shutdown}</shutdown>
  <skip default-value="false">false</skip>
  <skipAfterFailureCount default-value="0">${surefire.skipAfterFailureCount}</skipAfterFailureCount>
  <skipExec>${maven.test.skip.exec}</skipExec>
  <skipTests default-value="false">${skipTests}</skipTests>
  <suiteXmlFiles>${surefire.suiteXmlFiles}</suiteXmlFiles>
  <systemPropertyVariables></systemPropertyVariables>
  <tempDir default-value="surefire">${tempDir}</tempDir>
  <test>${test}</test>
  <testClassesDirectory default-value="${project.build.testOutputDirectory}"/>
  <testFailureIgnore default-value="false">${maven.test.failure.ignore}</testFailureIgnore>
  <testNGArtifactName default-value="org.testng:testng">${testNGArtifactName}</testNGArtifactName>
  <testSourceDirectory default-value="${project.build.testSourceDirectory}"/>
  <threadCount>${threadCount}</threadCount>
  <threadCountClasses default-value="0">${threadCountClasses}</threadCountClasses>
  <threadCountMethods default-value="0">${threadCountMethods}</threadCountMethods>
  <threadCountSuites default-value="0">${threadCountSuites}</threadCountSuites>
  <trimStackTrace default-value="true">${trimStackTrace}</trimStackTrace>
  <useFile default-value="true">${surefire.useFile}</useFile>
  <useManifestOnlyJar default-value="true">${surefire.useManifestOnlyJar}</useManifestOnlyJar>
  <useSystemClassLoader default-value="true">${surefire.useSystemClassLoader}</useSystemClassLoader>
  <useUnlimitedThreads default-value="false">${useUnlimitedThreads}</useUnlimitedThreads>
  <workingDirectory>${basedir}</workingDirectory>
  <project default-value="${project}"/>
  <session default-value="${session}"/>
</configuration>
[DEBUG] -----------------------------------------------------------------------
[DEBUG] Goal:          org.apache.maven.plugins:maven-jar-plugin:2.4:jar (default-jar)
[DEBUG] Style:         Regular
[DEBUG] Configuration: <?xml version="1.0" encoding="UTF-8"?>
<configuration>
  <classesDirectory default-value="${project.build.outputDirectory}"/>
  <defaultManifestFile default-value="${project.build.outputDirectory}/META-INF/MANIFEST.MF"/>
  <finalName default-value="${project.build.finalName}">${jar.finalName}</finalName>
  <forceCreation default-value="false">${jar.forceCreation}</forceCreation>
  <outputDirectory default-value="${project.build.directory}"/>
  <project default-value="${project}"/>
  <session default-value="${session}"/>
  <skipIfEmpty default-value="false">${jar.skipIfEmpty}</skipIfEmpty>
  <useDefaultManifestFile default-value="false">${jar.useDefaultManifestFile}</useDefaultManifestFile>
</configuration>
[DEBUG] -----------------------------------------------------------------------
[DEBUG] Goal:          org.apache.maven.plugins:maven-install-plugin:2.4:install (default-install)
[DEBUG] Style:         Regular
[DEBUG] Configuration: <?xml version="1.0" encoding="UTF-8"?>
<configuration>
  <artifact default-value="${project.artifact}"/>
  <attachedArtifacts default-value="${project.attachedArtifacts}"/>
  <createChecksum default-value="false">${createChecksum}</createChecksum>
  <localRepository>${localRepository}</localRepository>
  <packaging default-value="${project.packaging}"/>
  <pomFile default-value="${project.file}"/>
  <skip default-value="false">${maven.install.skip}</skip>
  <updateReleaseInfo default-value="false">${updateReleaseInfo}</updateReleaseInfo>
</configuration>
[DEBUG] =======================================================================
[DEBUG] Dependency collection stats: {ConflictMarker.analyzeTime=0, ConflictMarker.markTime=0, ConflictMarker.nodeCount=6, ConflictIdSorter.graphTime=0, ConflictIdSorter.topsortTime=0, ConflictIdSorter.conflictIdCount=5, ConflictIdSorter.conflictIdCycleCount=0, ConflictResolver.totalTime=1, ConflictResolver.conflictItemCount=5, DefaultDependencyCollector.collectTime=31, DefaultDependencyCollector.transformTime=1}
[DEBUG] com.samajackun.argos:argos-api:jar:0.1.0-SNAPSHOT
[DEBUG]    junit:junit:jar:4.12:test
[DEBUG]       org.hamcrest:hamcrest-core:jar:1.3:test
[DEBUG]    commons-logging:commons-logging:jar:1.2:compile
[DEBUG]    org.apache.ant:ant:jar:1.9.2:compile
[DEBUG]       org.apache.ant:ant-launcher:jar:1.9.2:compile
[INFO] 
[INFO] --- maven-clean-plugin:2.5:clean (default-clean) @ argos-api ---
[DEBUG] Configuring mojo org.apache.maven.plugins:maven-clean-plugin:2.5:clean from plugin realm ClassRealm[plugin>org.apache.maven.plugins:maven-clean-plugin:2.5, parent: sun.misc.Launcher$AppClassLoader@5c647e05]
[DEBUG] Configuring mojo 'org.apache.maven.plugins:maven-clean-plugin:2.5:clean' with basic configurator -->
[DEBUG]   (f) directory = S:\proyectos\argos\argos-api\target
[DEBUG]   (f) excludeDefaultDirectories = false
[DEBUG]   (f) failOnError = true
[DEBUG]   (f) followSymLinks = false
[DEBUG]   (f) outputDirectory = S:\proyectos\argos\argos-api\target\classes
[DEBUG]   (f) reportDirectory = S:\proyectos\argos\argos-api\target\site
[DEBUG]   (f) retryOnError = true
[DEBUG]   (f) skip = false
[DEBUG]   (f) testOutputDirectory = S:\proyectos\argos\argos-api\target\test-classes
[DEBUG] -- end configuration --
[INFO] Deleting S:\proyectos\argos\argos-api\target
[INFO] Deleting file S:\proyectos\argos\argos-api\target\test-classes\com\samajackun\argos\json\serializer\XmlSerializerTest.class
[INFO] Deleting file S:\proyectos\argos\argos-api\target\test-classes\com\samajackun\argos\json\serializer\JsonSerializerTest.class
[INFO] Deleting directory S:\proyectos\argos\argos-api\target\test-classes\com\samajackun\argos\json\serializer
[INFO] Deleting file S:\proyectos\argos\argos-api\target\test-classes\com\samajackun\argos\json\parser\JsonParserTest.class
[INFO] Deleting file S:\proyectos\argos\argos-api\target\test-classes\com\samajackun\argos\json\parser\ClientTest.class
[INFO] Deleting directory S:\proyectos\argos\argos-api\target\test-classes\com\samajackun\argos\json\parser
[INFO] Deleting file S:\proyectos\argos\argos-api\target\test-classes\com\samajackun\argos\json\dom\DomConverterTest.class
[INFO] Deleting directory S:\proyectos\argos\argos-api\target\test-classes\com\samajackun\argos\json\dom
[INFO] Deleting directory S:\proyectos\argos\argos-api\target\test-classes\com\samajackun\argos\json
[INFO] Deleting directory S:\proyectos\argos\argos-api\target\test-classes\com\samajackun\argos
[INFO] Deleting directory S:\proyectos\argos\argos-api\target\test-classes\com\samajackun
[INFO] Deleting directory S:\proyectos\argos\argos-api\target\test-classes\com
[INFO] Deleting directory S:\proyectos\argos\argos-api\target\test-classes
[INFO] Deleting file S:\proyectos\argos\argos-api\target\surefire-reports\TEST-com.samajackun.argos.json.serializer.XmlSerializerTest.xml
[INFO] Deleting file S:\proyectos\argos\argos-api\target\surefire-reports\TEST-com.samajackun.argos.json.serializer.JsonSerializerTest.xml
[INFO] Deleting file S:\proyectos\argos\argos-api\target\surefire-reports\TEST-com.samajackun.argos.json.parser.JsonParserTest.xml
[INFO] Deleting file S:\proyectos\argos\argos-api\target\surefire-reports\TEST-com.samajackun.argos.json.parser.ClientTest.xml
[INFO] Deleting file S:\proyectos\argos\argos-api\target\surefire-reports\TEST-com.samajackun.argos.json.dom.DomConverterTest.xml
[INFO] Deleting file S:\proyectos\argos\argos-api\target\surefire-reports\com.samajackun.argos.json.serializer.XmlSerializerTest.txt
[INFO] Deleting file S:\proyectos\argos\argos-api\target\surefire-reports\com.samajackun.argos.json.serializer.JsonSerializerTest.txt
[INFO] Deleting file S:\proyectos\argos\argos-api\target\surefire-reports\com.samajackun.argos.json.parser.JsonParserTest.txt
[INFO] Deleting file S:\proyectos\argos\argos-api\target\surefire-reports\com.samajackun.argos.json.parser.ClientTest.txt
[INFO] Deleting file S:\proyectos\argos\argos-api\target\surefire-reports\com.samajackun.argos.json.parser.ClientTest-output.txt
[INFO] Deleting file S:\proyectos\argos\argos-api\target\surefire-reports\com.samajackun.argos.json.dom.DomConverterTest.txt
[INFO] Deleting directory S:\proyectos\argos\argos-api\target\surefire-reports
[INFO] Deleting file S:\proyectos\argos\argos-api\target\maven-status\maven-compiler-plugin\testCompile\default-testCompile\inputFiles.lst
[INFO] Deleting file S:\proyectos\argos\argos-api\target\maven-status\maven-compiler-plugin\testCompile\default-testCompile\createdFiles.lst
[INFO] Deleting directory S:\proyectos\argos\argos-api\target\maven-status\maven-compiler-plugin\testCompile\default-testCompile
[INFO] Deleting directory S:\proyectos\argos\argos-api\target\maven-status\maven-compiler-plugin\testCompile
[INFO] Deleting file S:\proyectos\argos\argos-api\target\maven-status\maven-compiler-plugin\compile\default-compile\inputFiles.lst
[INFO] Deleting file S:\proyectos\argos\argos-api\target\maven-status\maven-compiler-plugin\compile\default-compile\createdFiles.lst
[INFO] Deleting directory S:\proyectos\argos\argos-api\target\maven-status\maven-compiler-plugin\compile\default-compile
[INFO] Deleting directory S:\proyectos\argos\argos-api\target\maven-status\maven-compiler-plugin\compile
[INFO] Deleting directory S:\proyectos\argos\argos-api\target\maven-status\maven-compiler-plugin
[INFO] Deleting directory S:\proyectos\argos\argos-api\target\maven-status
[INFO] Deleting file S:\proyectos\argos\argos-api\target\maven-archiver\pom.properties
[INFO] Deleting directory S:\proyectos\argos\argos-api\target\maven-archiver
[INFO] Deleting directory S:\proyectos\argos\argos-api\target\generated-test-sources\test-annotations
[INFO] Deleting directory S:\proyectos\argos\argos-api\target\generated-test-sources
[INFO] Deleting directory S:\proyectos\argos\argos-api\target\generated-sources\annotations
[INFO] Deleting directory S:\proyectos\argos\argos-api\target\generated-sources
[INFO] Deleting file S:\proyectos\argos\argos-api\target\classes\META-INF\maven\com.samajackun.argos\argos-api\pom.xml
[INFO] Deleting file S:\proyectos\argos\argos-api\target\classes\META-INF\maven\com.samajackun.argos\argos-api\pom.properties
[INFO] Deleting directory S:\proyectos\argos\argos-api\target\classes\META-INF\maven\com.samajackun.argos\argos-api
[INFO] Deleting directory S:\proyectos\argos\argos-api\target\classes\META-INF\maven\com.samajackun.argos
[INFO] Deleting directory S:\proyectos\argos\argos-api\target\classes\META-INF\maven
[INFO] Deleting file S:\proyectos\argos\argos-api\target\classes\META-INF\MANIFEST.MF
[INFO] Deleting directory S:\proyectos\argos\argos-api\target\classes\META-INF
[INFO] Deleting file S:\proyectos\argos\argos-api\target\classes\com\samajackun\bobo\json\dom\antext\antlib.xml
[INFO] Deleting directory S:\proyectos\argos\argos-api\target\classes\com\samajackun\bobo\json\dom\antext
[INFO] Deleting directory S:\proyectos\argos\argos-api\target\classes\com\samajackun\bobo\json\dom
[INFO] Deleting directory S:\proyectos\argos\argos-api\target\classes\com\samajackun\bobo\json
[INFO] Deleting directory S:\proyectos\argos\argos-api\target\classes\com\samajackun\bobo
[INFO] Deleting file S:\proyectos\argos\argos-api\target\classes\com\samajackun\argos\json\serializer\XmlSerializer.class
[INFO] Deleting file S:\proyectos\argos\argos-api\target\classes\com\samajackun\argos\json\serializer\XmlSerializer$1.class
[INFO] Deleting file S:\proyectos\argos\argos-api\target\classes\com\samajackun\argos\json\serializer\SerializerException.class
[INFO] Deleting file S:\proyectos\argos\argos-api\target\classes\com\samajackun\argos\json\serializer\Serializer.class
[INFO] Deleting file S:\proyectos\argos\argos-api\target\classes\com\samajackun\argos\json\serializer\JsonSerializer.class
[INFO] Deleting file S:\proyectos\argos\argos-api\target\classes\com\samajackun\argos\json\serializer\JsonSerializer$1.class
[INFO] Deleting directory S:\proyectos\argos\argos-api\target\classes\com\samajackun\argos\json\serializer
[INFO] Deleting file S:\proyectos\argos\argos-api\target\classes\com\samajackun\argos\json\parser\UnexpectedSymbolException.class
[INFO] Deleting file S:\proyectos\argos\argos-api\target\classes\com\samajackun\argos\json\parser\ParserException.class
[INFO] Deleting file S:\proyectos\argos\argos-api\target\classes\com\samajackun\argos\json\parser\JsonParser.class
[INFO] Deleting file S:\proyectos\argos\argos-api\target\classes\com\samajackun\argos\json\parser\JsonParser$State6.class
[INFO] Deleting file S:\proyectos\argos\argos-api\target\classes\com\samajackun\argos\json\parser\JsonParser$State5.class
[INFO] Deleting file S:\proyectos\argos\argos-api\target\classes\com\samajackun\argos\json\parser\JsonParser$State4.class
[INFO] Deleting file S:\proyectos\argos\argos-api\target\classes\com\samajackun\argos\json\parser\JsonParser$State3.class
[INFO] Deleting file S:\proyectos\argos\argos-api\target\classes\com\samajackun\argos\json\parser\JsonParser$State2.class
[INFO] Deleting file S:\proyectos\argos\argos-api\target\classes\com\samajackun\argos\json\parser\JsonParser$State1.class
[INFO] Deleting file S:\proyectos\argos\argos-api\target\classes\com\samajackun\argos\json\parser\JsonParser$1.class
[INFO] Deleting file S:\proyectos\argos\argos-api\target\classes\com\samajackun\argos\json\parser\EndOfInputException.class
[INFO] Deleting directory S:\proyectos\argos\argos-api\target\classes\com\samajackun\argos\json\parser
[INFO] Deleting file S:\proyectos\argos\argos-api\target\classes\com\samajackun\argos\json\model\JsonValue.class
[INFO] Deleting file S:\proyectos\argos\argos-api\target\classes\com\samajackun\argos\json\model\JsonValue$Type.class
[INFO] Deleting file S:\proyectos\argos\argos-api\target\classes\com\samajackun\argos\json\model\JsonNull.class
[INFO] Deleting file S:\proyectos\argos\argos-api\target\classes\com\samajackun\argos\json\model\JsonNamedEntry.class
[INFO] Deleting file S:\proyectos\argos\argos-api\target\classes\com\samajackun\argos\json\model\JsonHash.class
[INFO] Deleting file S:\proyectos\argos\argos-api\target\classes\com\samajackun\argos\json\model\JsonConstant.class
[INFO] Deleting file S:\proyectos\argos\argos-api\target\classes\com\samajackun\argos\json\model\JsonArray.class
[INFO] Deleting directory S:\proyectos\argos\argos-api\target\classes\com\samajackun\argos\json\model
[INFO] Deleting file S:\proyectos\argos\argos-api\target\classes\com\samajackun\argos\json\dom\XslHeader.class
[INFO] Deleting file S:\proyectos\argos\argos-api\target\classes\com\samajackun\argos\json\dom\XsiNullValueConverter.class
[INFO] Deleting file S:\proyectos\argos\argos-api\target\classes\com\samajackun\argos\json\dom\StringNullValueConverter.class
[INFO] Deleting file S:\proyectos\argos\argos-api\target\classes\com\samajackun\argos\json\dom\RepeatedNodeArrayConverter.class
[INFO] Deleting file S:\proyectos\argos\argos-api\target\classes\com\samajackun\argos\json\dom\OmitterNullValueConverter.class
[INFO] Deleting file S:\proyectos\argos\argos-api\target\classes\com\samajackun\argos\json\dom\NullValueConverter.class
[INFO] Deleting file S:\proyectos\argos\argos-api\target\classes\com\samajackun\argos\json\dom\MultiChildNodeArrayConverter.class
[INFO] Deleting file S:\proyectos\argos\argos-api\target\classes\com\samajackun\argos\json\dom\DomPreferences.class
[INFO] Deleting file S:\proyectos\argos\argos-api\target\classes\com\samajackun\argos\json\dom\DomConverter.class
[INFO] Deleting file S:\proyectos\argos\argos-api\target\classes\com\samajackun\argos\json\dom\DomConverter$1.class
[INFO] Deleting file S:\proyectos\argos\argos-api\target\classes\com\samajackun\argos\json\dom\ArrayConverter.class
[INFO] Deleting file S:\proyectos\argos\argos-api\target\classes\com\samajackun\argos\json\dom\antext\Namespace.class
[INFO] Deleting file S:\proyectos\argos\argos-api\target\classes\com\samajackun\argos\json\dom\antext\DomConverterTask.class
[INFO] Deleting file S:\proyectos\argos\argos-api\target\classes\com\samajackun\argos\json\dom\antext\DomConverterTask$NullValueConverterTxt.class
[INFO] Deleting file S:\proyectos\argos\argos-api\target\classes\com\samajackun\argos\json\dom\antext\DomConverterTask$1.class
[INFO] Deleting directory S:\proyectos\argos\argos-api\target\classes\com\samajackun\argos\json\dom\antext
[INFO] Deleting directory S:\proyectos\argos\argos-api\target\classes\com\samajackun\argos\json\dom
[INFO] Deleting directory S:\proyectos\argos\argos-api\target\classes\com\samajackun\argos\json
[INFO] Deleting directory S:\proyectos\argos\argos-api\target\classes\com\samajackun\argos
[INFO] Deleting directory S:\proyectos\argos\argos-api\target\classes\com\samajackun
[INFO] Deleting directory S:\proyectos\argos\argos-api\target\classes\com
[INFO] Deleting directory S:\proyectos\argos\argos-api\target\classes
[INFO] Deleting file S:\proyectos\argos\argos-api\target\argos-api-0.1.0-SNAPSHOT.jar
[INFO] Deleting directory S:\proyectos\argos\argos-api\target
[DEBUG] Skipping non-existing directory S:\proyectos\argos\argos-api\target\classes
[DEBUG] Skipping non-existing directory S:\proyectos\argos\argos-api\target\test-classes
[DEBUG] Skipping non-existing directory S:\proyectos\argos\argos-api\target\site
[INFO] 
[INFO] --- maven-resources-plugin:2.6:resources (default-resources) @ argos-api ---
[DEBUG] Dependency collection stats: {ConflictMarker.analyzeTime=0, ConflictMarker.markTime=0, ConflictMarker.nodeCount=77, ConflictIdSorter.graphTime=1, ConflictIdSorter.topsortTime=0, ConflictIdSorter.conflictIdCount=26, ConflictIdSorter.conflictIdCycleCount=0, ConflictResolver.totalTime=3, ConflictResolver.conflictItemCount=74, DefaultDependencyCollector.collectTime=88, DefaultDependencyCollector.transformTime=4}
[DEBUG] org.apache.maven.plugins:maven-resources-plugin:jar:2.6:
[DEBUG]    org.apache.maven:maven-plugin-api:jar:2.0.6:compile
[DEBUG]    org.apache.maven:maven-project:jar:2.0.6:compile
[DEBUG]       org.apache.maven:maven-profile:jar:2.0.6:compile
[DEBUG]       org.apache.maven:maven-artifact-manager:jar:2.0.6:compile
[DEBUG]       org.apache.maven:maven-plugin-registry:jar:2.0.6:compile
[DEBUG]    org.apache.maven:maven-core:jar:2.0.6:compile
[DEBUG]       org.apache.maven:maven-plugin-parameter-documenter:jar:2.0.6:compile
[DEBUG]       org.apache.maven.reporting:maven-reporting-api:jar:2.0.6:compile
[DEBUG]          org.apache.maven.doxia:doxia-sink-api:jar:1.0-alpha-7:compile
[DEBUG]       org.apache.maven:maven-repository-metadata:jar:2.0.6:compile
[DEBUG]       org.apache.maven:maven-error-diagnostics:jar:2.0.6:compile
[DEBUG]       commons-cli:commons-cli:jar:1.0:compile
[DEBUG]       org.apache.maven:maven-plugin-descriptor:jar:2.0.6:compile
[DEBUG]       org.codehaus.plexus:plexus-interactivity-api:jar:1.0-alpha-4:compile
[DEBUG]       classworlds:classworlds:jar:1.1:compile
[DEBUG]    org.apache.maven:maven-artifact:jar:2.0.6:compile
[DEBUG]    org.apache.maven:maven-settings:jar:2.0.6:compile
[DEBUG]    org.apache.maven:maven-model:jar:2.0.6:compile
[DEBUG]    org.apache.maven:maven-monitor:jar:2.0.6:compile
[DEBUG]    org.codehaus.plexus:plexus-container-default:jar:1.0-alpha-9-stable-1:compile
[DEBUG]       junit:junit:jar:3.8.1:compile
[DEBUG]    org.codehaus.plexus:plexus-utils:jar:2.0.5:compile
[DEBUG]    org.apache.maven.shared:maven-filtering:jar:1.1:compile
[DEBUG]       org.sonatype.plexus:plexus-build-api:jar:0.0.4:compile
[DEBUG]    org.codehaus.plexus:plexus-interpolation:jar:1.13:compile
[DEBUG] Created new class realm plugin>org.apache.maven.plugins:maven-resources-plugin:2.6
[DEBUG] Importing foreign packages into class realm plugin>org.apache.maven.plugins:maven-resources-plugin:2.6
[DEBUG]   Imported:  < maven.api
[DEBUG] Populating class realm plugin>org.apache.maven.plugins:maven-resources-plugin:2.6
[DEBUG]   Included: org.apache.maven.plugins:maven-resources-plugin:jar:2.6
[DEBUG]   Included: org.apache.maven.reporting:maven-reporting-api:jar:2.0.6
[DEBUG]   Included: org.apache.maven.doxia:doxia-sink-api:jar:1.0-alpha-7
[DEBUG]   Included: commons-cli:commons-cli:jar:1.0
[DEBUG]   Included: org.codehaus.plexus:plexus-interactivity-api:jar:1.0-alpha-4
[DEBUG]   Included: junit:junit:jar:3.8.1
[DEBUG]   Included: org.codehaus.plexus:plexus-utils:jar:2.0.5
[DEBUG]   Included: org.apache.maven.shared:maven-filtering:jar:1.1
[DEBUG]   Included: org.sonatype.plexus:plexus-build-api:jar:0.0.4
[DEBUG]   Included: org.codehaus.plexus:plexus-interpolation:jar:1.13
[DEBUG]   Excluded: org.apache.maven:maven-plugin-api:jar:2.0.6
[DEBUG]   Excluded: org.apache.maven:maven-project:jar:2.0.6
[DEBUG]   Excluded: org.apache.maven:maven-profile:jar:2.0.6
[DEBUG]   Excluded: org.apache.maven:maven-artifact-manager:jar:2.0.6
[DEBUG]   Excluded: org.apache.maven:maven-plugin-registry:jar:2.0.6
[DEBUG]   Excluded: org.apache.maven:maven-core:jar:2.0.6
[DEBUG]   Excluded: org.apache.maven:maven-plugin-parameter-documenter:jar:2.0.6
[DEBUG]   Excluded: org.apache.maven:maven-repository-metadata:jar:2.0.6
[DEBUG]   Excluded: org.apache.maven:maven-error-diagnostics:jar:2.0.6
[DEBUG]   Excluded: org.apache.maven:maven-plugin-descriptor:jar:2.0.6
[DEBUG]   Excluded: classworlds:classworlds:jar:1.1
[DEBUG]   Excluded: org.apache.maven:maven-artifact:jar:2.0.6
[DEBUG]   Excluded: org.apache.maven:maven-settings:jar:2.0.6
[DEBUG]   Excluded: org.apache.maven:maven-model:jar:2.0.6
[DEBUG]   Excluded: org.apache.maven:maven-monitor:jar:2.0.6
[DEBUG]   Excluded: org.codehaus.plexus:plexus-container-default:jar:1.0-alpha-9-stable-1
[DEBUG] Configuring mojo org.apache.maven.plugins:maven-resources-plugin:2.6:resources from plugin realm ClassRealm[plugin>org.apache.maven.plugins:maven-resources-plugin:2.6, parent: sun.misc.Launcher$AppClassLoader@5c647e05]
[DEBUG] Configuring mojo 'org.apache.maven.plugins:maven-resources-plugin:2.6:resources' with basic configurator -->
[DEBUG]   (f) buildFilters = []
[DEBUG]   (f) encoding = UTF-8
[DEBUG]   (f) escapeWindowsPaths = true
[DEBUG]   (s) includeEmptyDirs = false
[DEBUG]   (s) outputDirectory = S:\proyectos\argos\argos-api\target\classes
[DEBUG]   (s) overwrite = false
[DEBUG]   (f) project = MavenProject: com.samajackun.argos:argos-api:0.1.0-SNAPSHOT @ S:\proyectos\argos\argos-api\pom.xml
[DEBUG]   (s) resources = [Resource {targetPath: null, filtering: false, FileSet {directory: S:\proyectos\argos\argos-api\src\main\resources, PatternSet [includes: {}, excludes: {}]}}]
[DEBUG]   (f) session = org.apache.maven.execution.MavenSession@29e6eb25
[DEBUG]   (f) supportMultiLineFiltering = false
[DEBUG]   (f) useBuildFilters = true
[DEBUG]   (s) useDefaultDelimiters = true
[DEBUG] -- end configuration --
[DEBUG] properties used {java.vendor=Oracle Corporation, env.SYSTEMROOT=C:\WINDOWS, env.USERDOMAIN_ROAMINGPROFILE=LOBO, sun.java.launcher=SUN_STANDARD, server.deploy.releases=-, sun.management.compiler=HotSpot 64-Bit Tiered Compilers, server.deploy.plugins.releases=-, env.ONEDRIVE=C:\Users\Santi\OneDrive, os.name=Windows 10, env.FP_NO_HOST_CHECK=NO, sun.boot.class.path=C:\Java\jdk1.8.0_102\jre\lib\resources.jar;C:\Java\jdk1.8.0_102\jre\lib\rt.jar;C:\Java\jdk1.8.0_102\jre\lib\sunrsasign.jar;C:\Java\jdk1.8.0_102\jre\lib\jsse.jar;C:\Java\jdk1.8.0_102\jre\lib\jce.jar;C:\Java\jdk1.8.0_102\jre\lib\charsets.jar;C:\Java\jdk1.8.0_102\jre\lib\jfr.jar;C:\Java\jdk1.8.0_102\jre\classes, env.COMPUTERNAME=LOBO, env.ALLUSERSPROFILE=C:\ProgramData, sun.desktop=windows, java.vm.specification.vendor=Oracle Corporation, java.runtime.version=1.8.0_102-b14, env.HOMEPATH=\Users\Santi, project.build.sourceEncoding=UTF-8, user.name=Santi, maven.build.version=Apache Maven 3.1.1 (0728685237757ffbf44136acec0402957f723d9a; 2013-09-17 17:22:22+0200), env.DRIVERDATA=C:\Windows\System32\Drivers\DriverData, env.QTJAVA=C:\Program Files (x86)\QuickTime\QTSystem\QTJava.zip, env.PATH=C:/Program Files/Java/jre1.8.0_181/bin/server;C:/Program Files/Java/jre1.8.0_181/bin;C:/Program Files/Java/jre1.8.0_181/lib/amd64;C:\Program Files\sqlite-tools-win32-x86-3240000;C:\Program Files (x86)\Common Files\Oracle\Java\javapath;C:\ProgramData\Oracle\Java\javapath;C:\Program Files\Python3.4.3\;C:\Program Files\Python3.4.3\Scripts;C:\Program Files (x86)\PC Connectivity Solution\;C:\Program Files (x86)\NVIDIA Corporation\PhysX\Common;C:\Program Files (x86)\Intel\iCLS Client\;C:\Program Files\Intel\iCLS Client\;C:\WINDOWS\system32;C:\WINDOWS;C:\WINDOWS\System32\Wbem;C:\WINDOWS\System32\WindowsPowerShell\v1.0\;C:\Program Files\Intel\Intel(R) Management Engine Components\DAL;C:\Program Files\Intel\Intel(R) Management Engine Components\IPT;C:\Program Files (x86)\Intel\Intel(R) Management Engine Components\DAL;C:\Program Files (x86)\Intel\Intel(R) Management Engine Components\IPT;C:\Program Files (x86)\Intel\OpenCL SDK\2.0\bin\x86;C:\Program Files (x86)\Intel\OpenCL SDK\2.0\bin\x64;C:\Program Files\Intel\WiFi\bin\;C:\Program Files\Common Files\Intel\WirelessCommon\;C:\Program Files (x86)\QuickTime\QTSystem\;C:\Program Files (x86)\GNU\GnuPG\pub;C:\Program Files\SlikSvn\bin;c:\java\apache-maven-3.1.1\bin;c:\java\apache-ant-1.9.2\bin;c:\java\jdk1.7.0_55\bin;C:\Program Files\batext;C:\Program Files (x86)\MySQL\MySQL Utilities 1.3.6;c:\batext;C:\Program Files\Git\cmd;C:\batext\arqv10-fast\bin\windows;C:\Program Files (x86)\Skype\Phone\;C:\Program Files\cURL\bin;C:\WINDOWS\system32\config\systemprofile\.dnx\bin;C:\Program Files\Microsoft DNX\Dnvm\;C:\Program Files\Microsoft SQL Server\130\Tools\Binn\;c:\Program Files (x86)\KDiff3\;C:\java\gradle-4.7\bin;C:\WINDOWS\System32\OpenSSH\;C:\Users\Santi\AppData\Local\Microsoft\WindowsApps;;C:\Program Files\Eclipse Oxygen;, user.language=es, env.WINDIR=C:\WINDOWS, sun.boot.library.path=C:\Java\jdk1.8.0_102\jre\bin, classworlds.conf=S:\Trabajo\workspaces\skn\.metadata\.plugins\org.eclipse.m2e.launching\launches\m2conf122457807133983831.tmp, java.version=1.8.0_102, env.PROCESSOR_IDENTIFIER=Intel64 Family 6 Model 58 Stepping 9, GenuineIntel, user.timezone=Europe/Paris, env.TEMP=C:\Users\Santi\AppData\Local\Temp, sun.arch.data.model=64, java.endorsed.dirs=C:\Java\jdk1.8.0_102\jre\lib\endorsed, sun.cpu.isalist=amd64, env.HOMEDRIVE=C:, sun.jnu.encoding=Cp1252, file.encoding.pkg=sun.io, env.SYSTEMDRIVE=C:, file.separator=\, java.specification.name=Java Platform API Specification, java.class.version=52.0, org.slf4j.simpleLogger.defaultLogLevel=debug, user.country=ES, java.home=C:\Java\jdk1.8.0_102\jre, env.APPDATA=C:\Users\Santi\AppData\Roaming, env.CONFIGSETROOT=C:\WINDOWS\ConfigSetRoot, env.PUBLIC=C:\Users\Public, java.vm.info=mixed mode, env.OS=Windows_NT, os.version=10.0, env.=::=::\, path.separator=;, java.vm.version=25.102-b14, env.USERPROFILE=C:\Users\Santi, user.variant=, env.JAVA_HOME=C:\java\jdk1.7.0_55, java.awt.printerjob=sun.awt.windows.WPrinterJob, env.TMP=C:\Users\Santi\AppData\Local\Temp, env.FPS_BROWSER_USER_PROFILE_STRING=Default, env.PROGRAMFILES=C:\Program Files, sun.io.unicode.encoding=UnicodeLittle, awt.toolkit=sun.awt.windows.WToolkit, user.script=, user.home=C:\Users\Santi, server.deploy.plugins.snapshots=-, env.COMMONPROGRAMFILES=C:\Program Files\Common Files, env.VS140COMNTOOLS=C:\Program Files (x86)\Microsoft Visual Studio 14.0\Common7\Tools\, env.SESSIONNAME=Console, java.specification.vendor=Oracle Corporation, env.CLASSPATH=.;, env.NUMBER_OF_PROCESSORS=8, java.library.path=C:\Java\jdk1.8.0_102\bin;C:\WINDOWS\Sun\Java\bin;C:\WINDOWS\system32;C:\WINDOWS;C:/Program Files/Java/jre1.8.0_181/bin/server;C:/Program Files/Java/jre1.8.0_181/bin;C:/Program Files/Java/jre1.8.0_181/lib/amd64;C:\Program Files\sqlite-tools-win32-x86-3240000;C:\Program Files (x86)\Common Files\Oracle\Java\javapath;C:\ProgramData\Oracle\Java\javapath;C:\Program Files\Python3.4.3\;C:\Program Files\Python3.4.3\Scripts;C:\Program Files (x86)\PC Connectivity Solution\;C:\Program Files (x86)\NVIDIA Corporation\PhysX\Common;C:\Program Files (x86)\Intel\iCLS Client\;C:\Program Files\Intel\iCLS Client\;C:\WINDOWS\system32;C:\WINDOWS;C:\WINDOWS\System32\Wbem;C:\WINDOWS\System32\WindowsPowerShell\v1.0\;C:\Program Files\Intel\Intel(R) Management Engine Components\DAL;C:\Program Files\Intel\Intel(R) Management Engine Components\IPT;C:\Program Files (x86)\Intel\Intel(R) Management Engine Components\DAL;C:\Program Files (x86)\Intel\Intel(R) Management Engine Components\IPT;C:\Program Files (x86)\Intel\OpenCL SDK\2.0\bin\x86;C:\Program Files (x86)\Intel\OpenCL SDK\2.0\bin\x64;C:\Program Files\Intel\WiFi\bin\;C:\Program Files\Common Files\Intel\WirelessCommon\;C:\Program Files (x86)\QuickTime\QTSystem\;C:\Program Files (x86)\GNU\GnuPG\pub;C:\Program Files\SlikSvn\bin;c:\java\apache-maven-3.1.1\bin;c:\java\apache-ant-1.9.2\bin;c:\java\jdk1.7.0_55\bin;C:\Program Files\batext;C:\Program Files (x86)\MySQL\MySQL Utilities 1.3.6;c:\batext;C:\Program Files\Git\cmd;C:\batext\arqv10-fast\bin\windows;C:\Program Files (x86)\Skype\Phone\;C:\Program Files\cURL\bin;C:\WINDOWS\system32\config\systemprofile\.dnx\bin;C:\Program Files\Microsoft DNX\Dnvm\;C:\Program Files\Microsoft SQL Server\130\Tools\Binn\;c:\Program Files (x86)\KDiff3\;C:\java\gradle-4.7\bin;C:\WINDOWS\System32\OpenSSH\;C:\Users\Santi\AppData\Local\Microsoft\WindowsApps;;C:\Program Files\Eclipse Oxygen;;., java.vendor.url=http://java.oracle.com/, env.COMMONPROGRAMFILES(X86)=C:\Program Files (x86)\Common Files, env.PSMODULEPATH=C:\WINDOWS\system32\WindowsPowerShell\v1.0\Modules\, java.vm.vendor=Oracle Corporation, env.M2_REPO=C:\Users\Santi\.m2\repository, maven.home=C:\Java\apache-maven-3.1.1, java.runtime.name=Java(TM) SE Runtime Environment, sun.java.command=org.codehaus.plexus.classworlds.launcher.Launcher -B -X -e -gs C:\Java\apache-maven-3.1.1\conf\settings.xml clean install, java.class.path=C:\Java\apache-maven-3.1.1\boot\plexus-classworlds-2.5.1.jar, env.PROGRAMW6432=C:\Program Files, maven.version=3.1.1, env.PROGRAMFILES(X86)=C:\Program Files (x86), java.vm.specification.name=Java Virtual Machine Specification, env.LOGONSERVER=\\LOBO, java.vm.specification.version=1.8, env.PROCESSOR_ARCHITECTURE=AMD64, env.COMMONPROGRAMW6432=C:\Program Files\Common Files, sun.cpu.endian=little, sun.os.patch.level=, env.PROCESSOR_REVISION=3a09, java.io.tmpdir=C:\Users\Santi\AppData\Local\Temp\, java.vendor.url.bug=http://bugreport.sun.com/bugreport/, env.PROGRAMDATA=C:\ProgramData, env.COMSPEC=C:\WINDOWS\system32\cmd.exe, env.FPS_BROWSER_APP_PROFILE_STRING=Internet Explorer, os.arch=amd64, java.awt.graphicsenv=sun.awt.Win32GraphicsEnvironment, java.ext.dirs=C:\Java\jdk1.8.0_102\jre\lib\ext;C:\WINDOWS\Sun\Java\lib\ext, env.LOCALAPPDATA=C:\Users\Santi\AppData\Local, user.dir=S:\proyectos\argos, incms.server.plugins.releases=-, line.separator=
, java.vm.name=Java HotSpot(TM) 64-Bit Server VM, server.deploy.snapshots=-, env.PATHEXT=.COM;.EXE;.BAT;.CMD;.VBS;.VBE;.JS;.JSE;.WSF;.WSH;.MSC;.PY, env.USERNAME=Santi, file.encoding=Cp1252, env.USERDOMAIN=LOBO, java.specification.version=1.8, env.PROCESSOR_LEVEL=6, env.VBOX_MSI_INSTALL_PATH=C:\Program Files\Oracle\VirtualBox\}
[INFO] Using 'UTF-8' encoding to copy filtered resources.
[DEBUG] resource with targetPath null
directory S:\proyectos\argos\argos-api\src\main\resources
excludes []
includes []
[DEBUG] ignoreDelta true
[INFO] Copying 1 resource
[DEBUG] file antlib.xml has a filtered file extension
[DEBUG] copy S:\proyectos\argos\argos-api\src\main\resources\com\samajackun\bobo\json\dom\antext\antlib.xml to S:\proyectos\argos\argos-api\target\classes\com\samajackun\bobo\json\dom\antext\antlib.xml
[DEBUG] no use filter components
[INFO] 
[INFO] --- maven-compiler-plugin:3.8.0:compile (default-compile) @ argos-api ---
[DEBUG] Dependency collection stats: {ConflictMarker.analyzeTime=1, ConflictMarker.markTime=0, ConflictMarker.nodeCount=118, ConflictIdSorter.graphTime=0, ConflictIdSorter.topsortTime=0, ConflictIdSorter.conflictIdCount=45, ConflictIdSorter.conflictIdCycleCount=0, ConflictResolver.totalTime=2, ConflictResolver.conflictItemCount=72, DefaultDependencyCollector.collectTime=269, DefaultDependencyCollector.transformTime=3}
[DEBUG] org.apache.maven.plugins:maven-compiler-plugin:jar:3.8.0:
[DEBUG]    org.apache.maven:maven-plugin-api:jar:3.0:compile
[DEBUG]       org.apache.maven:maven-model:jar:3.0:compile
[DEBUG]       org.sonatype.sisu:sisu-inject-plexus:jar:1.4.2:compile
[DEBUG]          org.sonatype.sisu:sisu-inject-bean:jar:1.4.2:compile
[DEBUG]             org.sonatype.sisu:sisu-guice:jar:noaop:2.1.7:compile
[DEBUG]    org.apache.maven:maven-artifact:jar:3.0:compile
[DEBUG]       org.codehaus.plexus:plexus-utils:jar:2.0.4:compile
[DEBUG]    org.apache.maven:maven-core:jar:3.0:compile
[DEBUG]       org.apache.maven:maven-settings:jar:3.0:compile
[DEBUG]       org.apache.maven:maven-settings-builder:jar:3.0:compile
[DEBUG]       org.apache.maven:maven-repository-metadata:jar:3.0:compile
[DEBUG]       org.apache.maven:maven-model-builder:jar:3.0:compile
[DEBUG]       org.apache.maven:maven-aether-provider:jar:3.0:runtime
[DEBUG]       org.sonatype.aether:aether-impl:jar:1.7:compile
[DEBUG]          org.sonatype.aether:aether-spi:jar:1.7:compile
[DEBUG]       org.sonatype.aether:aether-api:jar:1.7:compile
[DEBUG]       org.sonatype.aether:aether-util:jar:1.7:compile
[DEBUG]       org.codehaus.plexus:plexus-interpolation:jar:1.14:compile
[DEBUG]       org.codehaus.plexus:plexus-classworlds:jar:2.2.3:compile
[DEBUG]       org.codehaus.plexus:plexus-component-annotations:jar:1.7.1:compile
[DEBUG]       org.sonatype.plexus:plexus-sec-dispatcher:jar:1.3:compile
[DEBUG]          org.sonatype.plexus:plexus-cipher:jar:1.4:compile
[DEBUG]    org.apache.maven.shared:maven-shared-utils:jar:3.2.1:compile
[DEBUG]       commons-io:commons-io:jar:2.5:compile
[DEBUG]    org.apache.maven.shared:maven-shared-incremental:jar:1.1:compile
[DEBUG]    org.codehaus.plexus:plexus-java:jar:0.9.10:compile
[DEBUG]       org.ow2.asm:asm:jar:6.2:compile
[DEBUG]       com.thoughtworks.qdox:qdox:jar:2.0-M9:compile
[DEBUG]    org.codehaus.plexus:plexus-compiler-api:jar:2.8.4:compile
[DEBUG]    org.codehaus.plexus:plexus-compiler-manager:jar:2.8.4:compile
[DEBUG]    org.codehaus.plexus:plexus-compiler-javac:jar:2.8.4:runtime
[DEBUG] Created new class realm plugin>org.apache.maven.plugins:maven-compiler-plugin:3.8.0
[DEBUG] Importing foreign packages into class realm plugin>org.apache.maven.plugins:maven-compiler-plugin:3.8.0
[DEBUG]   Imported:  < maven.api
[DEBUG] Populating class realm plugin>org.apache.maven.plugins:maven-compiler-plugin:3.8.0
[DEBUG]   Included: org.apache.maven.plugins:maven-compiler-plugin:jar:3.8.0
[DEBUG]   Included: org.sonatype.sisu:sisu-inject-bean:jar:1.4.2
[DEBUG]   Included: org.sonatype.sisu:sisu-guice:jar:noaop:2.1.7
[DEBUG]   Included: org.codehaus.plexus:plexus-utils:jar:2.0.4
[DEBUG]   Included: org.sonatype.aether:aether-util:jar:1.7
[DEBUG]   Included: org.codehaus.plexus:plexus-interpolation:jar:1.14
[DEBUG]   Included: org.codehaus.plexus:plexus-component-annotations:jar:1.7.1
[DEBUG]   Included: org.sonatype.plexus:plexus-sec-dispatcher:jar:1.3
[DEBUG]   Included: org.sonatype.plexus:plexus-cipher:jar:1.4
[DEBUG]   Included: org.apache.maven.shared:maven-shared-utils:jar:3.2.1
[DEBUG]   Included: commons-io:commons-io:jar:2.5
[DEBUG]   Included: org.apache.maven.shared:maven-shared-incremental:jar:1.1
[DEBUG]   Included: org.codehaus.plexus:plexus-java:jar:0.9.10
[DEBUG]   Included: org.ow2.asm:asm:jar:6.2
[DEBUG]   Included: com.thoughtworks.qdox:qdox:jar:2.0-M9
[DEBUG]   Included: org.codehaus.plexus:plexus-compiler-api:jar:2.8.4
[DEBUG]   Included: org.codehaus.plexus:plexus-compiler-manager:jar:2.8.4
[DEBUG]   Included: org.codehaus.plexus:plexus-compiler-javac:jar:2.8.4
[DEBUG]   Excluded: org.apache.maven:maven-plugin-api:jar:3.0
[DEBUG]   Excluded: org.apache.maven:maven-model:jar:3.0
[DEBUG]   Excluded: org.sonatype.sisu:sisu-inject-plexus:jar:1.4.2
[DEBUG]   Excluded: org.apache.maven:maven-artifact:jar:3.0
[DEBUG]   Excluded: org.apache.maven:maven-core:jar:3.0
[DEBUG]   Excluded: org.apache.maven:maven-settings:jar:3.0
[DEBUG]   Excluded: org.apache.maven:maven-settings-builder:jar:3.0
[DEBUG]   Excluded: org.apache.maven:maven-repository-metadata:jar:3.0
[DEBUG]   Excluded: org.apache.maven:maven-model-builder:jar:3.0
[DEBUG]   Excluded: org.apache.maven:maven-aether-provider:jar:3.0
[DEBUG]   Excluded: org.sonatype.aether:aether-impl:jar:1.7
[DEBUG]   Excluded: org.sonatype.aether:aether-spi:jar:1.7
[DEBUG]   Excluded: org.sonatype.aether:aether-api:jar:1.7
[DEBUG]   Excluded: org.codehaus.plexus:plexus-classworlds:jar:2.2.3
[DEBUG] Configuring mojo org.apache.maven.plugins:maven-compiler-plugin:3.8.0:compile from plugin realm ClassRealm[plugin>org.apache.maven.plugins:maven-compiler-plugin:3.8.0, parent: sun.misc.Launcher$AppClassLoader@5c647e05]
[DEBUG] Configuring mojo 'org.apache.maven.plugins:maven-compiler-plugin:3.8.0:compile' with basic configurator -->
[DEBUG]   (f) basedir = S:\proyectos\argos\argos-api
[DEBUG]   (f) buildDirectory = S:\proyectos\argos\argos-api\target
[DEBUG]   (f) compilePath = [S:\proyectos\argos\argos-api\target\classes, c:\Users\Santi\.m2\repository\commons-logging\commons-logging\1.2\commons-logging-1.2.jar, c:\Users\Santi\.m2\repository\org\apache\ant\ant\1.9.2\ant-1.9.2.jar, c:\Users\Santi\.m2\repository\org\apache\ant\ant-launcher\1.9.2\ant-launcher-1.9.2.jar]
[DEBUG]   (f) compileSourceRoots = [S:\proyectos\argos\argos-api\src\main\java]
[DEBUG]   (f) compilerId = javac
[DEBUG]   (f) compilerVersion = 1.8
[DEBUG]   (f) debug = true
[DEBUG]   (f) encoding = UTF-8
[DEBUG]   (f) failOnError = true
[DEBUG]   (f) failOnWarning = false
[DEBUG]   (f) forceJavacCompilerUse = false
[DEBUG]   (f) fork = false
[DEBUG]   (f) generatedSourcesDirectory = S:\proyectos\argos\argos-api\target\generated-sources\annotations
[DEBUG]   (f) mojoExecution = org.apache.maven.plugins:maven-compiler-plugin:3.8.0:compile {execution: default-compile}
[DEBUG]   (f) optimize = false
[DEBUG]   (f) outputDirectory = S:\proyectos\argos\argos-api\target\classes
[DEBUG]   (f) parameters = false
[DEBUG]   (f) project = MavenProject: com.samajackun.argos:argos-api:0.1.0-SNAPSHOT @ S:\proyectos\argos\argos-api\pom.xml
[DEBUG]   (f) projectArtifact = com.samajackun.argos:argos-api:jar:0.1.0-SNAPSHOT
[DEBUG]   (f) session = org.apache.maven.execution.MavenSession@29e6eb25
[DEBUG]   (f) showDeprecation = false
[DEBUG]   (f) showWarnings = false
[DEBUG]   (f) skipMultiThreadWarning = false
[DEBUG]   (f) source = 1.8
[DEBUG]   (f) staleMillis = 0
[DEBUG]   (s) target = 1.8
[DEBUG]   (f) useIncrementalCompilation = true
[DEBUG]   (f) verbose = false
[DEBUG] -- end configuration --
[DEBUG] Using compiler 'javac'.
[DEBUG] Adding S:\proyectos\argos\argos-api\target\generated-sources\annotations to compile source roots:
  S:\proyectos\argos\argos-api\src\main\java
[DEBUG] New compile source roots:
  S:\proyectos\argos\argos-api\src\main\java
  S:\proyectos\argos\argos-api\target\generated-sources\annotations
[DEBUG] CompilerReuseStrategy: reuseCreated
[DEBUG] useIncrementalCompilation enabled
[DEBUG] Stale source detected: S:\proyectos\argos\argos-api\src\main\java\com\samajackun\argos\json\dom\antext\Namespace.java
[DEBUG] Stale source detected: S:\proyectos\argos\argos-api\src\main\java\com\samajackun\argos\json\dom\OmitterNullValueConverter.java
[DEBUG] Stale source detected: S:\proyectos\argos\argos-api\src\main\java\com\samajackun\argos\json\dom\MultiChildNodeArrayConverter.java
[DEBUG] Stale source detected: S:\proyectos\argos\argos-api\src\main\java\com\samajackun\argos\json\dom\NullValueConverter.java
[DEBUG] Stale source detected: S:\proyectos\argos\argos-api\src\main\java\com\samajackun\argos\json\model\JsonConstant.java
[DEBUG] Stale source detected: S:\proyectos\argos\argos-api\src\main\java\com\samajackun\argos\json\dom\XsiNullValueConverter.java
[DEBUG] Stale source detected: S:\proyectos\argos\argos-api\src\main\java\com\samajackun\argos\json\serializer\XmlSerializer.java
[DEBUG] Stale source detected: S:\proyectos\argos\argos-api\src\main\java\com\samajackun\argos\json\dom\RepeatedNodeArrayConverter.java
[DEBUG] Stale source detected: S:\proyectos\argos\argos-api\src\main\java\com\samajackun\argos\json\serializer\Serializer.java
[DEBUG] Stale source detected: S:\proyectos\argos\argos-api\src\main\java\com\samajackun\argos\json\dom\DomPreferences.java
[DEBUG] Stale source detected: S:\proyectos\argos\argos-api\src\main\java\com\samajackun\argos\json\model\JsonHash.java
[DEBUG] Stale source detected: S:\proyectos\argos\argos-api\src\main\java\com\samajackun\argos\json\dom\StringNullValueConverter.java
[DEBUG] Stale source detected: S:\proyectos\argos\argos-api\src\main\java\com\samajackun\argos\json\dom\XslHeader.java
[DEBUG] Stale source detected: S:\proyectos\argos\argos-api\src\main\java\com\samajackun\argos\json\model\JsonNamedEntry.java
[DEBUG] Stale source detected: S:\proyectos\argos\argos-api\src\main\java\com\samajackun\argos\json\parser\JsonParser.java
[DEBUG] Stale source detected: S:\proyectos\argos\argos-api\src\main\java\com\samajackun\argos\json\dom\DomConverter.java
[DEBUG] Stale source detected: S:\proyectos\argos\argos-api\src\main\java\com\samajackun\argos\json\model\JsonValue.java
[DEBUG] Stale source detected: S:\proyectos\argos\argos-api\src\main\java\com\samajackun\argos\json\serializer\JsonSerializer.java
[DEBUG] Stale source detected: S:\proyectos\argos\argos-api\src\main\java\com\samajackun\argos\json\dom\antext\DomConverterTask.java
[DEBUG] Stale source detected: S:\proyectos\argos\argos-api\src\main\java\com\samajackun\argos\json\parser\EndOfInputException.java
[DEBUG] Stale source detected: S:\proyectos\argos\argos-api\src\main\java\com\samajackun\argos\json\parser\UnexpectedSymbolException.java
[DEBUG] Stale source detected: S:\proyectos\argos\argos-api\src\main\java\com\samajackun\argos\json\serializer\SerializerException.java
[DEBUG] Stale source detected: S:\proyectos\argos\argos-api\src\main\java\com\samajackun\argos\json\model\JsonNull.java
[DEBUG] Stale source detected: S:\proyectos\argos\argos-api\src\main\java\com\samajackun\argos\json\model\JsonArray.java
[DEBUG] Stale source detected: S:\proyectos\argos\argos-api\src\main\java\com\samajackun\argos\json\parser\ParserException.java
[DEBUG] Stale source detected: S:\proyectos\argos\argos-api\src\main\java\com\samajackun\argos\json\dom\ArrayConverter.java
[INFO] Changes detected - recompiling the module!
[DEBUG] Classpath:
[DEBUG]  S:\proyectos\argos\argos-api\target\classes
[DEBUG]  c:\Users\Santi\.m2\repository\commons-logging\commons-logging\1.2\commons-logging-1.2.jar
[DEBUG]  c:\Users\Santi\.m2\repository\org\apache\ant\ant\1.9.2\ant-1.9.2.jar
[DEBUG]  c:\Users\Santi\.m2\repository\org\apache\ant\ant-launcher\1.9.2\ant-launcher-1.9.2.jar
[DEBUG] Source roots:
[DEBUG]  S:\proyectos\argos\argos-api\src\main\java
[DEBUG]  S:\proyectos\argos\argos-api\target\generated-sources\annotations
[DEBUG] Command line options:
[DEBUG] -d S:\proyectos\argos\argos-api\target\classes -classpath S:\proyectos\argos\argos-api\target\classes;c:\Users\Santi\.m2\repository\commons-logging\commons-logging\1.2\commons-logging-1.2.jar;c:\Users\Santi\.m2\repository\org\apache\ant\ant\1.9.2\ant-1.9.2.jar;c:\Users\Santi\.m2\repository\org\apache\ant\ant-launcher\1.9.2\ant-launcher-1.9.2.jar; -sourcepath S:\proyectos\argos\argos-api\src\main\java;S:\proyectos\argos\argos-api\target\generated-sources\annotations; -s S:\proyectos\argos\argos-api\target\generated-sources\annotations -g -nowarn -target 1.8 -source 1.8 -encoding UTF-8
[DEBUG] incrementalBuildHelper#beforeRebuildExecution
[INFO] Compiling 26 source files to S:\proyectos\argos\argos-api\target\classes
[DEBUG] incrementalBuildHelper#afterRebuildExecution
[INFO] 
[INFO] --- maven-resources-plugin:2.6:testResources (default-testResources) @ argos-api ---
[DEBUG] Configuring mojo org.apache.maven.plugins:maven-resources-plugin:2.6:testResources from plugin realm ClassRealm[plugin>org.apache.maven.plugins:maven-resources-plugin:2.6, parent: sun.misc.Launcher$AppClassLoader@5c647e05]
[DEBUG] Configuring mojo 'org.apache.maven.plugins:maven-resources-plugin:2.6:testResources' with basic configurator -->
[DEBUG]   (f) buildFilters = []
[DEBUG]   (f) encoding = UTF-8
[DEBUG]   (f) escapeWindowsPaths = true
[DEBUG]   (s) includeEmptyDirs = false
[DEBUG]   (s) outputDirectory = S:\proyectos\argos\argos-api\target\test-classes
[DEBUG]   (s) overwrite = false
[DEBUG]   (f) project = MavenProject: com.samajackun.argos:argos-api:0.1.0-SNAPSHOT @ S:\proyectos\argos\argos-api\pom.xml
[DEBUG]   (s) resources = [Resource {targetPath: null, filtering: false, FileSet {directory: S:\proyectos\argos\argos-api\src\test\resources, PatternSet [includes: {}, excludes: {}]}}]
[DEBUG]   (f) session = org.apache.maven.execution.MavenSession@29e6eb25
[DEBUG]   (f) supportMultiLineFiltering = false
[DEBUG]   (f) useBuildFilters = true
[DEBUG]   (s) useDefaultDelimiters = true
[DEBUG] -- end configuration --
[DEBUG] properties used {java.vendor=Oracle Corporation, env.SYSTEMROOT=C:\WINDOWS, env.USERDOMAIN_ROAMINGPROFILE=LOBO, sun.java.launcher=SUN_STANDARD, server.deploy.releases=-, sun.management.compiler=HotSpot 64-Bit Tiered Compilers, server.deploy.plugins.releases=-, env.ONEDRIVE=C:\Users\Santi\OneDrive, os.name=Windows 10, env.FP_NO_HOST_CHECK=NO, sun.boot.class.path=C:\Java\jdk1.8.0_102\jre\lib\resources.jar;C:\Java\jdk1.8.0_102\jre\lib\rt.jar;C:\Java\jdk1.8.0_102\jre\lib\sunrsasign.jar;C:\Java\jdk1.8.0_102\jre\lib\jsse.jar;C:\Java\jdk1.8.0_102\jre\lib\jce.jar;C:\Java\jdk1.8.0_102\jre\lib\charsets.jar;C:\Java\jdk1.8.0_102\jre\lib\jfr.jar;C:\Java\jdk1.8.0_102\jre\classes, env.COMPUTERNAME=LOBO, env.ALLUSERSPROFILE=C:\ProgramData, sun.desktop=windows, java.vm.specification.vendor=Oracle Corporation, java.runtime.version=1.8.0_102-b14, env.HOMEPATH=\Users\Santi, project.build.sourceEncoding=UTF-8, user.name=Santi, maven.build.version=Apache Maven 3.1.1 (0728685237757ffbf44136acec0402957f723d9a; 2013-09-17 17:22:22+0200), env.DRIVERDATA=C:\Windows\System32\Drivers\DriverData, env.QTJAVA=C:\Program Files (x86)\QuickTime\QTSystem\QTJava.zip, env.PATH=C:/Program Files/Java/jre1.8.0_181/bin/server;C:/Program Files/Java/jre1.8.0_181/bin;C:/Program Files/Java/jre1.8.0_181/lib/amd64;C:\Program Files\sqlite-tools-win32-x86-3240000;C:\Program Files (x86)\Common Files\Oracle\Java\javapath;C:\ProgramData\Oracle\Java\javapath;C:\Program Files\Python3.4.3\;C:\Program Files\Python3.4.3\Scripts;C:\Program Files (x86)\PC Connectivity Solution\;C:\Program Files (x86)\NVIDIA Corporation\PhysX\Common;C:\Program Files (x86)\Intel\iCLS Client\;C:\Program Files\Intel\iCLS Client\;C:\WINDOWS\system32;C:\WINDOWS;C:\WINDOWS\System32\Wbem;C:\WINDOWS\System32\WindowsPowerShell\v1.0\;C:\Program Files\Intel\Intel(R) Management Engine Components\DAL;C:\Program Files\Intel\Intel(R) Management Engine Components\IPT;C:\Program Files (x86)\Intel\Intel(R) Management Engine Components\DAL;C:\Program Files (x86)\Intel\Intel(R) Management Engine Components\IPT;C:\Program Files (x86)\Intel\OpenCL SDK\2.0\bin\x86;C:\Program Files (x86)\Intel\OpenCL SDK\2.0\bin\x64;C:\Program Files\Intel\WiFi\bin\;C:\Program Files\Common Files\Intel\WirelessCommon\;C:\Program Files (x86)\QuickTime\QTSystem\;C:\Program Files (x86)\GNU\GnuPG\pub;C:\Program Files\SlikSvn\bin;c:\java\apache-maven-3.1.1\bin;c:\java\apache-ant-1.9.2\bin;c:\java\jdk1.7.0_55\bin;C:\Program Files\batext;C:\Program Files (x86)\MySQL\MySQL Utilities 1.3.6;c:\batext;C:\Program Files\Git\cmd;C:\batext\arqv10-fast\bin\windows;C:\Program Files (x86)\Skype\Phone\;C:\Program Files\cURL\bin;C:\WINDOWS\system32\config\systemprofile\.dnx\bin;C:\Program Files\Microsoft DNX\Dnvm\;C:\Program Files\Microsoft SQL Server\130\Tools\Binn\;c:\Program Files (x86)\KDiff3\;C:\java\gradle-4.7\bin;C:\WINDOWS\System32\OpenSSH\;C:\Users\Santi\AppData\Local\Microsoft\WindowsApps;;C:\Program Files\Eclipse Oxygen;, user.language=es, env.WINDIR=C:\WINDOWS, sun.boot.library.path=C:\Java\jdk1.8.0_102\jre\bin, classworlds.conf=S:\Trabajo\workspaces\skn\.metadata\.plugins\org.eclipse.m2e.launching\launches\m2conf122457807133983831.tmp, java.version=1.8.0_102, env.PROCESSOR_IDENTIFIER=Intel64 Family 6 Model 58 Stepping 9, GenuineIntel, user.timezone=Europe/Paris, env.TEMP=C:\Users\Santi\AppData\Local\Temp, sun.arch.data.model=64, java.endorsed.dirs=C:\Java\jdk1.8.0_102\jre\lib\endorsed, sun.cpu.isalist=amd64, env.HOMEDRIVE=C:, sun.jnu.encoding=Cp1252, file.encoding.pkg=sun.io, env.SYSTEMDRIVE=C:, file.separator=\, java.specification.name=Java Platform API Specification, java.class.version=52.0, org.slf4j.simpleLogger.defaultLogLevel=debug, user.country=ES, java.home=C:\Java\jdk1.8.0_102\jre, env.APPDATA=C:\Users\Santi\AppData\Roaming, env.CONFIGSETROOT=C:\WINDOWS\ConfigSetRoot, env.PUBLIC=C:\Users\Public, java.vm.info=mixed mode, env.OS=Windows_NT, os.version=10.0, env.=::=::\, path.separator=;, java.vm.version=25.102-b14, env.USERPROFILE=C:\Users\Santi, user.variant=, env.JAVA_HOME=C:\java\jdk1.7.0_55, java.awt.printerjob=sun.awt.windows.WPrinterJob, env.TMP=C:\Users\Santi\AppData\Local\Temp, env.FPS_BROWSER_USER_PROFILE_STRING=Default, env.PROGRAMFILES=C:\Program Files, sun.io.unicode.encoding=UnicodeLittle, awt.toolkit=sun.awt.windows.WToolkit, user.script=, user.home=C:\Users\Santi, server.deploy.plugins.snapshots=-, env.COMMONPROGRAMFILES=C:\Program Files\Common Files, env.VS140COMNTOOLS=C:\Program Files (x86)\Microsoft Visual Studio 14.0\Common7\Tools\, env.SESSIONNAME=Console, java.specification.vendor=Oracle Corporation, env.CLASSPATH=.;, env.NUMBER_OF_PROCESSORS=8, java.library.path=C:\Java\jdk1.8.0_102\bin;C:\WINDOWS\Sun\Java\bin;C:\WINDOWS\system32;C:\WINDOWS;C:/Program Files/Java/jre1.8.0_181/bin/server;C:/Program Files/Java/jre1.8.0_181/bin;C:/Program Files/Java/jre1.8.0_181/lib/amd64;C:\Program Files\sqlite-tools-win32-x86-3240000;C:\Program Files (x86)\Common Files\Oracle\Java\javapath;C:\ProgramData\Oracle\Java\javapath;C:\Program Files\Python3.4.3\;C:\Program Files\Python3.4.3\Scripts;C:\Program Files (x86)\PC Connectivity Solution\;C:\Program Files (x86)\NVIDIA Corporation\PhysX\Common;C:\Program Files (x86)\Intel\iCLS Client\;C:\Program Files\Intel\iCLS Client\;C:\WINDOWS\system32;C:\WINDOWS;C:\WINDOWS\System32\Wbem;C:\WINDOWS\System32\WindowsPowerShell\v1.0\;C:\Program Files\Intel\Intel(R) Management Engine Components\DAL;C:\Program Files\Intel\Intel(R) Management Engine Components\IPT;C:\Program Files (x86)\Intel\Intel(R) Management Engine Components\DAL;C:\Program Files (x86)\Intel\Intel(R) Management Engine Components\IPT;C:\Program Files (x86)\Intel\OpenCL SDK\2.0\bin\x86;C:\Program Files (x86)\Intel\OpenCL SDK\2.0\bin\x64;C:\Program Files\Intel\WiFi\bin\;C:\Program Files\Common Files\Intel\WirelessCommon\;C:\Program Files (x86)\QuickTime\QTSystem\;C:\Program Files (x86)\GNU\GnuPG\pub;C:\Program Files\SlikSvn\bin;c:\java\apache-maven-3.1.1\bin;c:\java\apache-ant-1.9.2\bin;c:\java\jdk1.7.0_55\bin;C:\Program Files\batext;C:\Program Files (x86)\MySQL\MySQL Utilities 1.3.6;c:\batext;C:\Program Files\Git\cmd;C:\batext\arqv10-fast\bin\windows;C:\Program Files (x86)\Skype\Phone\;C:\Program Files\cURL\bin;C:\WINDOWS\system32\config\systemprofile\.dnx\bin;C:\Program Files\Microsoft DNX\Dnvm\;C:\Program Files\Microsoft SQL Server\130\Tools\Binn\;c:\Program Files (x86)\KDiff3\;C:\java\gradle-4.7\bin;C:\WINDOWS\System32\OpenSSH\;C:\Users\Santi\AppData\Local\Microsoft\WindowsApps;;C:\Program Files\Eclipse Oxygen;;., java.vendor.url=http://java.oracle.com/, env.COMMONPROGRAMFILES(X86)=C:\Program Files (x86)\Common Files, env.PSMODULEPATH=C:\WINDOWS\system32\WindowsPowerShell\v1.0\Modules\, java.vm.vendor=Oracle Corporation, env.M2_REPO=C:\Users\Santi\.m2\repository, maven.home=C:\Java\apache-maven-3.1.1, java.runtime.name=Java(TM) SE Runtime Environment, sun.java.command=org.codehaus.plexus.classworlds.launcher.Launcher -B -X -e -gs C:\Java\apache-maven-3.1.1\conf\settings.xml clean install, java.class.path=C:\Java\apache-maven-3.1.1\boot\plexus-classworlds-2.5.1.jar, env.PROGRAMW6432=C:\Program Files, maven.version=3.1.1, env.PROGRAMFILES(X86)=C:\Program Files (x86), java.vm.specification.name=Java Virtual Machine Specification, env.LOGONSERVER=\\LOBO, java.vm.specification.version=1.8, env.PROCESSOR_ARCHITECTURE=AMD64, env.COMMONPROGRAMW6432=C:\Program Files\Common Files, sun.cpu.endian=little, sun.os.patch.level=, env.PROCESSOR_REVISION=3a09, java.io.tmpdir=C:\Users\Santi\AppData\Local\Temp\, java.vendor.url.bug=http://bugreport.sun.com/bugreport/, env.PROGRAMDATA=C:\ProgramData, env.COMSPEC=C:\WINDOWS\system32\cmd.exe, env.FPS_BROWSER_APP_PROFILE_STRING=Internet Explorer, os.arch=amd64, java.awt.graphicsenv=sun.awt.Win32GraphicsEnvironment, java.ext.dirs=C:\Java\jdk1.8.0_102\jre\lib\ext;C:\WINDOWS\Sun\Java\lib\ext, env.LOCALAPPDATA=C:\Users\Santi\AppData\Local, user.dir=S:\proyectos\argos, incms.server.plugins.releases=-, line.separator=
, java.vm.name=Java HotSpot(TM) 64-Bit Server VM, server.deploy.snapshots=-, env.PATHEXT=.COM;.EXE;.BAT;.CMD;.VBS;.VBE;.JS;.JSE;.WSF;.WSH;.MSC;.PY, env.USERNAME=Santi, file.encoding=Cp1252, env.USERDOMAIN=LOBO, java.specification.version=1.8, env.PROCESSOR_LEVEL=6, env.VBOX_MSI_INSTALL_PATH=C:\Program Files\Oracle\VirtualBox\}
[INFO] Using 'UTF-8' encoding to copy filtered resources.
[DEBUG] resource with targetPath null
directory S:\proyectos\argos\argos-api\src\test\resources
excludes []
includes []
[DEBUG] ignoreDelta true
[INFO] Copying 0 resource
[DEBUG] no use filter components
[INFO] 
[INFO] --- maven-compiler-plugin:3.8.0:testCompile (default-testCompile) @ argos-api ---
[DEBUG] Configuring mojo org.apache.maven.plugins:maven-compiler-plugin:3.8.0:testCompile from plugin realm ClassRealm[plugin>org.apache.maven.plugins:maven-compiler-plugin:3.8.0, parent: sun.misc.Launcher$AppClassLoader@5c647e05]
[DEBUG] Configuring mojo 'org.apache.maven.plugins:maven-compiler-plugin:3.8.0:testCompile' with basic configurator -->
[DEBUG]   (f) basedir = S:\proyectos\argos\argos-api
[DEBUG]   (f) buildDirectory = S:\proyectos\argos\argos-api\target
[DEBUG]   (f) compilePath = [S:\proyectos\argos\argos-api\target\classes, c:\Users\Santi\.m2\repository\commons-logging\commons-logging\1.2\commons-logging-1.2.jar, c:\Users\Santi\.m2\repository\org\apache\ant\ant\1.9.2\ant-1.9.2.jar, c:\Users\Santi\.m2\repository\org\apache\ant\ant-launcher\1.9.2\ant-launcher-1.9.2.jar]
[DEBUG]   (f) compileSourceRoots = [S:\proyectos\argos\argos-api\src\test\java]
[DEBUG]   (f) compilerId = javac
[DEBUG]   (f) compilerVersion = 1.8
[DEBUG]   (f) debug = true
[DEBUG]   (f) encoding = UTF-8
[DEBUG]   (f) failOnError = true
[DEBUG]   (f) failOnWarning = false
[DEBUG]   (f) forceJavacCompilerUse = false
[DEBUG]   (f) fork = false
[DEBUG]   (f) generatedTestSourcesDirectory = S:\proyectos\argos\argos-api\target\generated-test-sources\test-annotations
[DEBUG]   (f) mojoExecution = org.apache.maven.plugins:maven-compiler-plugin:3.8.0:testCompile {execution: default-testCompile}
[DEBUG]   (f) optimize = false
[DEBUG]   (f) outputDirectory = S:\proyectos\argos\argos-api\target\test-classes
[DEBUG]   (f) parameters = false
[DEBUG]   (f) project = MavenProject: com.samajackun.argos:argos-api:0.1.0-SNAPSHOT @ S:\proyectos\argos\argos-api\pom.xml
[DEBUG]   (f) session = org.apache.maven.execution.MavenSession@29e6eb25
[DEBUG]   (f) showDeprecation = false
[DEBUG]   (f) showWarnings = false
[DEBUG]   (f) skipMultiThreadWarning = false
[DEBUG]   (f) source = 1.8
[DEBUG]   (f) staleMillis = 0
[DEBUG]   (s) target = 1.8
[DEBUG]   (f) testPath = [S:\proyectos\argos\argos-api\target\test-classes, S:\proyectos\argos\argos-api\target\classes, c:\Users\Santi\.m2\repository\junit\junit\4.12\junit-4.12.jar, c:\Users\Santi\.m2\repository\org\hamcrest\hamcrest-core\1.3\hamcrest-core-1.3.jar, c:\Users\Santi\.m2\repository\commons-logging\commons-logging\1.2\commons-logging-1.2.jar, c:\Users\Santi\.m2\repository\org\apache\ant\ant\1.9.2\ant-1.9.2.jar, c:\Users\Santi\.m2\repository\org\apache\ant\ant-launcher\1.9.2\ant-launcher-1.9.2.jar]
[DEBUG]   (f) useIncrementalCompilation = true
[DEBUG]   (f) verbose = false
[DEBUG] -- end configuration --
[DEBUG] Using compiler 'javac'.
[DEBUG] Adding S:\proyectos\argos\argos-api\target\generated-test-sources\test-annotations to test-compile source roots:
  S:\proyectos\argos\argos-api\src\test\java
[DEBUG] New test-compile source roots:
  S:\proyectos\argos\argos-api\src\test\java
  S:\proyectos\argos\argos-api\target\generated-test-sources\test-annotations
[DEBUG] CompilerReuseStrategy: reuseCreated
[DEBUG] useIncrementalCompilation enabled
[DEBUG] Stale source detected: S:\proyectos\argos\argos-api\src\test\java\com\samajackun\argos\json\parser\JsonParserTest.java
[DEBUG] Stale source detected: S:\proyectos\argos\argos-api\src\test\java\com\samajackun\argos\json\serializer\JsonSerializerTest.java
[DEBUG] Stale source detected: S:\proyectos\argos\argos-api\src\test\java\com\samajackun\argos\json\serializer\XmlSerializerTest.java
[DEBUG] Stale source detected: S:\proyectos\argos\argos-api\src\test\java\com\samajackun\argos\json\dom\DomConverterTest.java
[DEBUG] Stale source detected: S:\proyectos\argos\argos-api\src\test\java\com\samajackun\argos\json\parser\ClientTest.java
[INFO] Changes detected - recompiling the module!
[DEBUG] Classpath:
[DEBUG]  S:\proyectos\argos\argos-api\target\test-classes
[DEBUG]  S:\proyectos\argos\argos-api\target\classes
[DEBUG]  c:\Users\Santi\.m2\repository\junit\junit\4.12\junit-4.12.jar
[DEBUG]  c:\Users\Santi\.m2\repository\org\hamcrest\hamcrest-core\1.3\hamcrest-core-1.3.jar
[DEBUG]  c:\Users\Santi\.m2\repository\commons-logging\commons-logging\1.2\commons-logging-1.2.jar
[DEBUG]  c:\Users\Santi\.m2\repository\org\apache\ant\ant\1.9.2\ant-1.9.2.jar
[DEBUG]  c:\Users\Santi\.m2\repository\org\apache\ant\ant-launcher\1.9.2\ant-launcher-1.9.2.jar
[DEBUG] Source roots:
[DEBUG]  S:\proyectos\argos\argos-api\src\test\java
[DEBUG]  S:\proyectos\argos\argos-api\target\generated-test-sources\test-annotations
[DEBUG] Command line options:
[DEBUG] -d S:\proyectos\argos\argos-api\target\test-classes -classpath S:\proyectos\argos\argos-api\target\test-classes;S:\proyectos\argos\argos-api\target\classes;c:\Users\Santi\.m2\repository\junit\junit\4.12\junit-4.12.jar;c:\Users\Santi\.m2\repository\org\hamcrest\hamcrest-core\1.3\hamcrest-core-1.3.jar;c:\Users\Santi\.m2\repository\commons-logging\commons-logging\1.2\commons-logging-1.2.jar;c:\Users\Santi\.m2\repository\org\apache\ant\ant\1.9.2\ant-1.9.2.jar;c:\Users\Santi\.m2\repository\org\apache\ant\ant-launcher\1.9.2\ant-launcher-1.9.2.jar; -sourcepath S:\proyectos\argos\argos-api\src\test\java;S:\proyectos\argos\argos-api\target\generated-test-sources\test-annotations; -s S:\proyectos\argos\argos-api\target\generated-test-sources\test-annotations -g -nowarn -target 1.8 -source 1.8 -encoding UTF-8
[DEBUG] incrementalBuildHelper#beforeRebuildExecution
[INFO] Compiling 5 source files to S:\proyectos\argos\argos-api\target\test-classes
[DEBUG] incrementalBuildHelper#afterRebuildExecution
[INFO] 
[INFO] --- maven-surefire-plugin:2.22.0:test (default-test) @ argos-api ---
[DEBUG] Dependency collection stats: {ConflictMarker.analyzeTime=0, ConflictMarker.markTime=0, ConflictMarker.nodeCount=114, ConflictIdSorter.graphTime=0, ConflictIdSorter.topsortTime=0, ConflictIdSorter.conflictIdCount=37, ConflictIdSorter.conflictIdCycleCount=0, ConflictResolver.totalTime=2, ConflictResolver.conflictItemCount=79, DefaultDependencyCollector.collectTime=90, DefaultDependencyCollector.transformTime=2}
[DEBUG] org.apache.maven.plugins:maven-surefire-plugin:jar:2.22.0:
[DEBUG]    org.apache.maven.surefire:maven-surefire-common:jar:2.22.0:compile
[DEBUG]       org.apache.maven:maven-plugin-api:jar:2.2.1:compile
[DEBUG]       org.apache.maven.plugin-tools:maven-plugin-annotations:jar:3.5:compile
[DEBUG]       org.apache.maven.surefire:surefire-api:jar:2.22.0:compile
[DEBUG]          org.apache.maven.surefire:surefire-logger-api:jar:2.22.0:compile
[DEBUG]       org.apache.maven.surefire:surefire-booter:jar:2.22.0:compile
[DEBUG]       org.apache.maven:maven-artifact:jar:2.2.1:compile
[DEBUG]          org.codehaus.plexus:plexus-utils:jar:1.5.15:compile
[DEBUG]       org.apache.maven:maven-plugin-descriptor:jar:2.2.1:compile
[DEBUG]          org.codehaus.plexus:plexus-container-default:jar:1.0-alpha-9-stable-1:compile
[DEBUG]             junit:junit:jar:4.12:compile
[DEBUG]                org.hamcrest:hamcrest-core:jar:1.3:compile
[DEBUG]       org.apache.maven:maven-project:jar:2.2.1:compile
[DEBUG]          org.apache.maven:maven-settings:jar:2.2.1:compile
[DEBUG]          org.apache.maven:maven-profile:jar:2.2.1:compile
[DEBUG]          org.apache.maven:maven-artifact-manager:jar:2.2.1:compile
[DEBUG]             backport-util-concurrent:backport-util-concurrent:jar:3.1:compile
[DEBUG]          org.apache.maven:maven-plugin-registry:jar:2.2.1:compile
[DEBUG]          org.codehaus.plexus:plexus-interpolation:jar:1.11:compile
[DEBUG]       org.apache.maven:maven-model:jar:2.2.1:compile
[DEBUG]       org.apache.maven:maven-core:jar:2.2.1:compile
[DEBUG]          org.apache.maven:maven-plugin-parameter-documenter:jar:2.2.1:compile
[DEBUG]          org.slf4j:slf4j-jdk14:jar:1.5.6:runtime
[DEBUG]             org.slf4j:slf4j-api:jar:1.5.6:runtime
[DEBUG]          org.slf4j:jcl-over-slf4j:jar:1.5.6:runtime
[DEBUG]          org.apache.maven.reporting:maven-reporting-api:jar:3.0:compile
[DEBUG]          org.apache.maven:maven-repository-metadata:jar:2.2.1:compile
[DEBUG]          org.apache.maven:maven-error-diagnostics:jar:2.2.1:compile
[DEBUG]          org.apache.maven:maven-monitor:jar:2.2.1:compile
[DEBUG]          classworlds:classworlds:jar:1.1:compile
[DEBUG]          org.sonatype.plexus:plexus-sec-dispatcher:jar:1.3:compile
[DEBUG]             org.sonatype.plexus:plexus-cipher:jar:1.4:compile
[DEBUG]       org.apache.maven:maven-toolchain:jar:2.2.1:compile
[DEBUG]       org.codehaus.plexus:plexus-java:jar:0.9.8:compile
[DEBUG]          org.ow2.asm:asm:jar:6.1.1:compile
[DEBUG]          com.thoughtworks.qdox:qdox:jar:2.0-M7:compile
[DEBUG] Created new class realm plugin>org.apache.maven.plugins:maven-surefire-plugin:2.22.0
[DEBUG] Importing foreign packages into class realm plugin>org.apache.maven.plugins:maven-surefire-plugin:2.22.0
[DEBUG]   Imported:  < maven.api
[DEBUG] Populating class realm plugin>org.apache.maven.plugins:maven-surefire-plugin:2.22.0
[DEBUG]   Included: org.apache.maven.plugins:maven-surefire-plugin:jar:2.22.0
[DEBUG]   Included: org.apache.maven.surefire:maven-surefire-common:jar:2.22.0
[DEBUG]   Included: org.apache.maven.plugin-tools:maven-plugin-annotations:jar:3.5
[DEBUG]   Included: org.apache.maven.surefire:surefire-api:jar:2.22.0
[DEBUG]   Included: org.apache.maven.surefire:surefire-logger-api:jar:2.22.0
[DEBUG]   Included: org.apache.maven.surefire:surefire-booter:jar:2.22.0
[DEBUG]   Included: org.codehaus.plexus:plexus-utils:jar:1.5.15
[DEBUG]   Included: junit:junit:jar:4.12
[DEBUG]   Included: org.hamcrest:hamcrest-core:jar:1.3
[DEBUG]   Included: backport-util-concurrent:backport-util-concurrent:jar:3.1
[DEBUG]   Included: org.codehaus.plexus:plexus-interpolation:jar:1.11
[DEBUG]   Included: org.slf4j:slf4j-jdk14:jar:1.5.6
[DEBUG]   Included: org.slf4j:slf4j-api:jar:1.5.6
[DEBUG]   Included: org.slf4j:jcl-over-slf4j:jar:1.5.6
[DEBUG]   Included: org.apache.maven.reporting:maven-reporting-api:jar:3.0
[DEBUG]   Included: org.sonatype.plexus:plexus-sec-dispatcher:jar:1.3
[DEBUG]   Included: org.sonatype.plexus:plexus-cipher:jar:1.4
[DEBUG]   Included: org.codehaus.plexus:plexus-java:jar:0.9.8
[DEBUG]   Included: org.ow2.asm:asm:jar:6.1.1
[DEBUG]   Included: com.thoughtworks.qdox:qdox:jar:2.0-M7
[DEBUG]   Excluded: org.apache.maven:maven-plugin-api:jar:2.2.1
[DEBUG]   Excluded: org.apache.maven:maven-artifact:jar:2.2.1
[DEBUG]   Excluded: org.apache.maven:maven-plugin-descriptor:jar:2.2.1
[DEBUG]   Excluded: org.codehaus.plexus:plexus-container-default:jar:1.0-alpha-9-stable-1
[DEBUG]   Excluded: org.apache.maven:maven-project:jar:2.2.1
[DEBUG]   Excluded: org.apache.maven:maven-settings:jar:2.2.1
[DEBUG]   Excluded: org.apache.maven:maven-profile:jar:2.2.1
[DEBUG]   Excluded: org.apache.maven:maven-artifact-manager:jar:2.2.1
[DEBUG]   Excluded: org.apache.maven:maven-plugin-registry:jar:2.2.1
[DEBUG]   Excluded: org.apache.maven:maven-model:jar:2.2.1
[DEBUG]   Excluded: org.apache.maven:maven-core:jar:2.2.1
[DEBUG]   Excluded: org.apache.maven:maven-plugin-parameter-documenter:jar:2.2.1
[DEBUG]   Excluded: org.apache.maven:maven-repository-metadata:jar:2.2.1
[DEBUG]   Excluded: org.apache.maven:maven-error-diagnostics:jar:2.2.1
[DEBUG]   Excluded: org.apache.maven:maven-monitor:jar:2.2.1
[DEBUG]   Excluded: classworlds:classworlds:jar:1.1
[DEBUG]   Excluded: org.apache.maven:maven-toolchain:jar:2.2.1
[DEBUG] Configuring mojo org.apache.maven.plugins:maven-surefire-plugin:2.22.0:test from plugin realm ClassRealm[plugin>org.apache.maven.plugins:maven-surefire-plugin:2.22.0, parent: sun.misc.Launcher$AppClassLoader@5c647e05]
[DEBUG] Configuring mojo 'org.apache.maven.plugins:maven-surefire-plugin:2.22.0:test' with basic configurator -->
[DEBUG]   (s) additionalClasspathElements = []
[DEBUG]   (s) basedir = S:\proyectos\argos\argos-api
[DEBUG]   (s) childDelegation = false
[DEBUG]   (s) classesDirectory = S:\proyectos\argos\argos-api\target\classes
[DEBUG]   (s) classpathDependencyExcludes = []
[DEBUG]   (s) dependenciesToScan = []
[DEBUG]   (s) disableXmlReport = false
[DEBUG]   (s) enableAssertions = true
[DEBUG]   (f) forkCount = 1
[DEBUG]   (s) forkMode = once
[DEBUG]   (s) forkedProcessExitTimeoutInSeconds = 30
[DEBUG]   (s) junitArtifactName = junit:junit
[DEBUG]   (s) junitPlatformArtifactName = org.junit.platform:junit-platform-engine
[DEBUG]   (s) localRepository =        id: local
      url: file:///c:/Users/Santi/.m2/repository/
   layout: none

[DEBUG]   (f) parallelMavenExecution = false
[DEBUG]   (s) parallelOptimized = true
[DEBUG]   (s) perCoreThreadCount = true
[DEBUG]   (s) pluginArtifactMap = {org.apache.maven.plugins:maven-surefire-plugin=org.apache.maven.plugins:maven-surefire-plugin:maven-plugin:2.22.0:, org.apache.maven.surefire:maven-surefire-common=org.apache.maven.surefire:maven-surefire-common:jar:2.22.0:compile, org.apache.maven.plugin-tools:maven-plugin-annotations=org.apache.maven.plugin-tools:maven-plugin-annotations:jar:3.5:compile, org.apache.maven.surefire:surefire-api=org.apache.maven.surefire:surefire-api:jar:2.22.0:compile, org.apache.maven.surefire:surefire-logger-api=org.apache.maven.surefire:surefire-logger-api:jar:2.22.0:compile, org.apache.maven.surefire:surefire-booter=org.apache.maven.surefire:surefire-booter:jar:2.22.0:compile, org.codehaus.plexus:plexus-utils=org.codehaus.plexus:plexus-utils:jar:1.5.15:compile, junit:junit=junit:junit:jar:4.12:compile, org.hamcrest:hamcrest-core=org.hamcrest:hamcrest-core:jar:1.3:compile, backport-util-concurrent:backport-util-concurrent=backport-util-concurrent:backport-util-concurrent:jar:3.1:compile, org.codehaus.plexus:plexus-interpolation=org.codehaus.plexus:plexus-interpolation:jar:1.11:compile, org.slf4j:slf4j-jdk14=org.slf4j:slf4j-jdk14:jar:1.5.6:runtime, org.slf4j:slf4j-api=org.slf4j:slf4j-api:jar:1.5.6:runtime, org.slf4j:jcl-over-slf4j=org.slf4j:jcl-over-slf4j:jar:1.5.6:runtime, org.apache.maven.reporting:maven-reporting-api=org.apache.maven.reporting:maven-reporting-api:jar:3.0:compile, org.sonatype.plexus:plexus-sec-dispatcher=org.sonatype.plexus:plexus-sec-dispatcher:jar:1.3:compile, org.sonatype.plexus:plexus-cipher=org.sonatype.plexus:plexus-cipher:jar:1.4:compile, org.codehaus.plexus:plexus-java=org.codehaus.plexus:plexus-java:jar:0.9.8:compile, org.ow2.asm:asm=org.ow2.asm:asm:jar:6.1.1:compile, com.thoughtworks.qdox:qdox=com.thoughtworks.qdox:qdox:jar:2.0-M7:compile}
[DEBUG]   (f) pluginDescriptor = Component Descriptor: role: 'org.apache.maven.plugin.Mojo', implementation: 'org.apache.maven.plugin.surefire.HelpMojo', role hint: 'org.apache.maven.plugins:maven-surefire-plugin:2.22.0:help'
role: 'org.apache.maven.plugin.Mojo', implementation: 'org.apache.maven.plugin.surefire.SurefirePlugin', role hint: 'org.apache.maven.plugins:maven-surefire-plugin:2.22.0:test'
---
[DEBUG]   (s) printSummary = true
[DEBUG]   (s) projectArtifactMap = {junit:junit=junit:junit:jar:4.12:test, org.hamcrest:hamcrest-core=org.hamcrest:hamcrest-core:jar:1.3:test, commons-logging:commons-logging=commons-logging:commons-logging:jar:1.2:compile, org.apache.ant:ant=org.apache.ant:ant:jar:1.9.2:compile, org.apache.ant:ant-launcher=org.apache.ant:ant-launcher:jar:1.9.2:compile}
[DEBUG]   (s) projectBuildDirectory = S:\proyectos\argos\argos-api\target
[DEBUG]   (s) redirectTestOutputToFile = true
[DEBUG]   (s) remoteRepositories = [       id: central
      url: http://repo.maven.apache.org/maven2
   layout: default
snapshots: [enabled => false, update => daily]
 releases: [enabled => true, update => never]
]
[DEBUG]   (s) reportFormat = brief
[DEBUG]   (s) reportsDirectory = S:\proyectos\argos\argos-api\target\surefire-reports
[DEBUG]   (f) rerunFailingTestsCount = 0
[DEBUG]   (f) reuseForks = true
[DEBUG]   (s) runOrder = filesystem
[DEBUG]   (f) shutdown = testset
[DEBUG]   (s) skip = false
[DEBUG]   (f) skipAfterFailureCount = 0
[DEBUG]   (s) skipTests = false
[DEBUG]   (s) suiteXmlFiles = []
[DEBUG]   (s) systemPropertyVariables = {}
[DEBUG]   (s) tempDir = surefire
[DEBUG]   (s) testClassesDirectory = S:\proyectos\argos\argos-api\target\test-classes
[DEBUG]   (s) testFailureIgnore = false
[DEBUG]   (s) testNGArtifactName = org.testng:testng
[DEBUG]   (s) testSourceDirectory = S:\proyectos\argos\argos-api\src\test\java
[DEBUG]   (s) threadCountClasses = 0
[DEBUG]   (s) threadCountMethods = 0
[DEBUG]   (s) threadCountSuites = 0
[DEBUG]   (s) trimStackTrace = true
[DEBUG]   (s) useFile = true
[DEBUG]   (s) useManifestOnlyJar = true
[DEBUG]   (s) useSystemClassLoader = true
[DEBUG]   (s) useUnlimitedThreads = false
[DEBUG]   (s) workingDirectory = S:\proyectos\argos\argos-api
[DEBUG]   (s) project = MavenProject: com.samajackun.argos:argos-api:0.1.0-SNAPSHOT @ S:\proyectos\argos\argos-api\pom.xml
[DEBUG]   (s) session = org.apache.maven.execution.MavenSession@29e6eb25
[DEBUG] -- end configuration --
[DEBUG] Surefire report directory: S:\proyectos\argos\argos-api\target\surefire-reports
[DEBUG] Setting system property [user.dir]=[S:\proyectos\argos\argos-api]
[DEBUG] Setting system property [localRepository]=[c:\Users\Santi\.m2\repository]
[DEBUG] Setting system property [basedir]=[S:\proyectos\argos\argos-api]
[DEBUG] dummy:dummy:jar:1.0 (selected for null)
[DEBUG]   org.apache.maven.surefire:surefire-booter:jar:2.22.0:compile (selected for compile)
[DEBUG]     org.apache.maven.surefire:surefire-api:jar:2.22.0:compile (selected for compile)
[DEBUG]       org.apache.maven.surefire:surefire-logger-api:jar:2.22.0:compile (selected for compile)
[DEBUG] Adding to surefire booter test classpath: c:\Users\Santi\.m2\repository\org\apache\maven\surefire\surefire-booter\2.22.0\surefire-booter-2.22.0.jar Scope: compile
[DEBUG] Adding to surefire booter test classpath: c:\Users\Santi\.m2\repository\org\apache\maven\surefire\surefire-api\2.22.0\surefire-api-2.22.0.jar Scope: compile
[DEBUG] Adding to surefire booter test classpath: c:\Users\Santi\.m2\repository\org\apache\maven\surefire\surefire-logger-api\2.22.0\surefire-logger-api-2.22.0.jar Scope: compile
[DEBUG] Using JVM: C:\Java\jdk1.8.0_102\jre\bin\java with Java version 1.8
[DEBUG] dummy:dummy:jar:1.0 (selected for null)
[DEBUG]   org.apache.maven.surefire:surefire-junit4:jar:2.22.0:test (selected for test)
[DEBUG]     org.apache.maven.surefire:surefire-api:jar:2.22.0:test (selected for test)
[DEBUG]       org.apache.maven.surefire:surefire-logger-api:jar:2.22.0:test (selected for test)
[DEBUG] Adding to surefire test classpath: c:\Users\Santi\.m2\repository\org\apache\maven\surefire\surefire-junit4\2.22.0\surefire-junit4-2.22.0.jar Scope: test
[DEBUG] Adding to surefire test classpath: c:\Users\Santi\.m2\repository\org\apache\maven\surefire\surefire-api\2.22.0\surefire-api-2.22.0.jar Scope: test
[DEBUG] Adding to surefire test classpath: c:\Users\Santi\.m2\repository\org\apache\maven\surefire\surefire-logger-api\2.22.0\surefire-logger-api-2.22.0.jar Scope: test
[DEBUG] test classpath:  S:\proyectos\argos\argos-api\target\test-classes  S:\proyectos\argos\argos-api\target\classes  c:\Users\Santi\.m2\repository\junit\junit\4.12\junit-4.12.jar  c:\Users\Santi\.m2\repository\org\hamcrest\hamcrest-core\1.3\hamcrest-core-1.3.jar  c:\Users\Santi\.m2\repository\commons-logging\commons-logging\1.2\commons-logging-1.2.jar  c:\Users\Santi\.m2\repository\org\apache\ant\ant\1.9.2\ant-1.9.2.jar  c:\Users\Santi\.m2\repository\org\apache\ant\ant-launcher\1.9.2\ant-launcher-1.9.2.jar
[DEBUG] provider classpath:  c:\Users\Santi\.m2\repository\org\apache\maven\surefire\surefire-junit4\2.22.0\surefire-junit4-2.22.0.jar  c:\Users\Santi\.m2\repository\org\apache\maven\surefire\surefire-api\2.22.0\surefire-api-2.22.0.jar  c:\Users\Santi\.m2\repository\org\apache\maven\surefire\surefire-logger-api\2.22.0\surefire-logger-api-2.22.0.jar
[DEBUG] test(compact) classpath:  test-classes  classes  junit-4.12.jar  hamcrest-core-1.3.jar  commons-logging-1.2.jar  ant-1.9.2.jar  ant-launcher-1.9.2.jar
[DEBUG] provider(compact) classpath:  surefire-junit4-2.22.0.jar  surefire-api-2.22.0.jar  surefire-logger-api-2.22.0.jar
[INFO] 
[INFO] -------------------------------------------------------
[INFO]  T E S T S
[INFO] -------------------------------------------------------
[DEBUG] Determined Maven Process ID 15016
[DEBUG] boot classpath:  c:\Users\Santi\.m2\repository\org\apache\maven\surefire\surefire-booter\2.22.0\surefire-booter-2.22.0.jar  c:\Users\Santi\.m2\repository\org\apache\maven\surefire\surefire-api\2.22.0\surefire-api-2.22.0.jar  c:\Users\Santi\.m2\repository\org\apache\maven\surefire\surefire-logger-api\2.22.0\surefire-logger-api-2.22.0.jar  S:\proyectos\argos\argos-api\target\test-classes  S:\proyectos\argos\argos-api\target\classes  c:\Users\Santi\.m2\repository\junit\junit\4.12\junit-4.12.jar  c:\Users\Santi\.m2\repository\org\hamcrest\hamcrest-core\1.3\hamcrest-core-1.3.jar  c:\Users\Santi\.m2\repository\commons-logging\commons-logging\1.2\commons-logging-1.2.jar  c:\Users\Santi\.m2\repository\org\apache\ant\ant\1.9.2\ant-1.9.2.jar  c:\Users\Santi\.m2\repository\org\apache\ant\ant-launcher\1.9.2\ant-launcher-1.9.2.jar  c:\Users\Santi\.m2\repository\org\apache\maven\surefire\surefire-junit4\2.22.0\surefire-junit4-2.22.0.jar
[DEBUG] boot(compact) classpath:  surefire-booter-2.22.0.jar  surefire-api-2.22.0.jar  surefire-logger-api-2.22.0.jar  test-classes  classes  junit-4.12.jar  hamcrest-core-1.3.jar  commons-logging-1.2.jar  ant-1.9.2.jar  ant-launcher-1.9.2.jar  surefire-junit4-2.22.0.jar
[DEBUG] Forking command line: cmd.exe /X /C "C:\Java\jdk1.8.0_102\jre\bin\java -jar C:\Users\Santi\AppData\Local\Temp\surefire3790338516262010858\surefirebooter4411544257471503986.jar C:\Users\Santi\AppData\Local\Temp\surefire3790338516262010858 2018-08-22T09-29-20_435-jvmRun1 surefire611405300001287643tmp surefire_07646420773033639148tmp"
[INFO] Running com.samajackun.argos.json.dom.DomConverterTest
[INFO] Tests run: 15, Failures: 0, Errors: 0, Skipped: 0, Time elapsed: 0.143 s - in com.samajackun.argos.json.dom.DomConverterTest
[INFO] Running com.samajackun.argos.json.parser.ClientTest
[INFO] Tests run: 2, Failures: 0, Errors: 0, Skipped: 0, Time elapsed: 1.187 s - in com.samajackun.argos.json.parser.ClientTest
[INFO] Running com.samajackun.argos.json.parser.JsonParserTest
[INFO] Tests run: 18, Failures: 0, Errors: 0, Skipped: 0, Time elapsed: 0.002 s - in com.samajackun.argos.json.parser.JsonParserTest
[INFO] Running com.samajackun.argos.json.serializer.JsonSerializerTest
[INFO] Tests run: 7, Failures: 0, Errors: 0, Skipped: 0, Time elapsed: 0 s - in com.samajackun.argos.json.serializer.JsonSerializerTest
[INFO] Running com.samajackun.argos.json.serializer.XmlSerializerTest
[INFO] Tests run: 7, Failures: 0, Errors: 0, Skipped: 0, Time elapsed: 0 s - in com.samajackun.argos.json.serializer.XmlSerializerTest
[INFO] 
[INFO] Results:
[INFO] 
[INFO] Tests run: 49, Failures: 0, Errors: 0, Skipped: 0
[INFO] 
[INFO] 
[INFO] --- maven-jar-plugin:2.4:jar (default-jar) @ argos-api ---
[DEBUG] Dependency collection stats: {ConflictMarker.analyzeTime=0, ConflictMarker.markTime=0, ConflictMarker.nodeCount=74, ConflictIdSorter.graphTime=0, ConflictIdSorter.topsortTime=0, ConflictIdSorter.conflictIdCount=28, ConflictIdSorter.conflictIdCycleCount=0, ConflictResolver.totalTime=1, ConflictResolver.conflictItemCount=70, DefaultDependencyCollector.collectTime=24, DefaultDependencyCollector.transformTime=1}
[DEBUG] org.apache.maven.plugins:maven-jar-plugin:jar:2.4:
[DEBUG]    org.apache.maven:maven-plugin-api:jar:2.0.6:compile
[DEBUG]    org.apache.maven:maven-project:jar:2.0.6:compile
[DEBUG]       org.apache.maven:maven-settings:jar:2.0.6:compile
[DEBUG]       org.apache.maven:maven-profile:jar:2.0.6:compile
[DEBUG]       org.apache.maven:maven-artifact-manager:jar:2.0.6:compile
[DEBUG]          org.apache.maven:maven-repository-metadata:jar:2.0.6:compile
[DEBUG]       org.apache.maven:maven-plugin-registry:jar:2.0.6:compile
[DEBUG]       org.codehaus.plexus:plexus-container-default:jar:1.0-alpha-9-stable-1:compile
[DEBUG]          junit:junit:jar:3.8.1:compile
[DEBUG]          classworlds:classworlds:jar:1.1-alpha-2:compile
[DEBUG]    org.apache.maven:maven-model:jar:2.0.6:runtime
[DEBUG]    org.apache.maven:maven-artifact:jar:2.0.6:compile
[DEBUG]    org.apache.maven:maven-archiver:jar:2.5:compile
[DEBUG]       org.apache.maven:maven-core:jar:2.0.6:compile
[DEBUG]          org.apache.maven:maven-plugin-parameter-documenter:jar:2.0.6:compile
[DEBUG]          org.apache.maven.reporting:maven-reporting-api:jar:2.0.6:compile
[DEBUG]             org.apache.maven.doxia:doxia-sink-api:jar:1.0-alpha-7:compile
[DEBUG]          org.apache.maven:maven-error-diagnostics:jar:2.0.6:compile
[DEBUG]          commons-cli:commons-cli:jar:1.0:compile
[DEBUG]          org.apache.maven:maven-plugin-descriptor:jar:2.0.6:compile
[DEBUG]          org.codehaus.plexus:plexus-interactivity-api:jar:1.0-alpha-4:compile
[DEBUG]          org.apache.maven:maven-monitor:jar:2.0.6:compile
[DEBUG]       org.codehaus.plexus:plexus-interpolation:jar:1.15:compile
[DEBUG]    org.codehaus.plexus:plexus-archiver:jar:2.1:compile
[DEBUG]       org.codehaus.plexus:plexus-io:jar:2.0.2:compile
[DEBUG]    commons-lang:commons-lang:jar:2.1:compile
[DEBUG]    org.codehaus.plexus:plexus-utils:jar:3.0:compile
[DEBUG] Created new class realm plugin>org.apache.maven.plugins:maven-jar-plugin:2.4
[DEBUG] Importing foreign packages into class realm plugin>org.apache.maven.plugins:maven-jar-plugin:2.4
[DEBUG]   Imported:  < maven.api
[DEBUG] Populating class realm plugin>org.apache.maven.plugins:maven-jar-plugin:2.4
[DEBUG]   Included: org.apache.maven.plugins:maven-jar-plugin:jar:2.4
[DEBUG]   Included: junit:junit:jar:3.8.1
[DEBUG]   Included: org.apache.maven:maven-archiver:jar:2.5
[DEBUG]   Included: org.apache.maven.reporting:maven-reporting-api:jar:2.0.6
[DEBUG]   Included: org.apache.maven.doxia:doxia-sink-api:jar:1.0-alpha-7
[DEBUG]   Included: commons-cli:commons-cli:jar:1.0
[DEBUG]   Included: org.codehaus.plexus:plexus-interactivity-api:jar:1.0-alpha-4
[DEBUG]   Included: org.codehaus.plexus:plexus-interpolation:jar:1.15
[DEBUG]   Included: org.codehaus.plexus:plexus-archiver:jar:2.1
[DEBUG]   Included: org.codehaus.plexus:plexus-io:jar:2.0.2
[DEBUG]   Included: commons-lang:commons-lang:jar:2.1
[DEBUG]   Included: org.codehaus.plexus:plexus-utils:jar:3.0
[DEBUG]   Excluded: org.apache.maven:maven-plugin-api:jar:2.0.6
[DEBUG]   Excluded: org.apache.maven:maven-project:jar:2.0.6
[DEBUG]   Excluded: org.apache.maven:maven-settings:jar:2.0.6
[DEBUG]   Excluded: org.apache.maven:maven-profile:jar:2.0.6
[DEBUG]   Excluded: org.apache.maven:maven-artifact-manager:jar:2.0.6
[DEBUG]   Excluded: org.apache.maven:maven-repository-metadata:jar:2.0.6
[DEBUG]   Excluded: org.apache.maven:maven-plugin-registry:jar:2.0.6
[DEBUG]   Excluded: org.codehaus.plexus:plexus-container-default:jar:1.0-alpha-9-stable-1
[DEBUG]   Excluded: classworlds:classworlds:jar:1.1-alpha-2
[DEBUG]   Excluded: org.apache.maven:maven-model:jar:2.0.6
[DEBUG]   Excluded: org.apache.maven:maven-artifact:jar:2.0.6
[DEBUG]   Excluded: org.apache.maven:maven-core:jar:2.0.6
[DEBUG]   Excluded: org.apache.maven:maven-plugin-parameter-documenter:jar:2.0.6
[DEBUG]   Excluded: org.apache.maven:maven-error-diagnostics:jar:2.0.6
[DEBUG]   Excluded: org.apache.maven:maven-plugin-descriptor:jar:2.0.6
[DEBUG]   Excluded: org.apache.maven:maven-monitor:jar:2.0.6
[DEBUG] Configuring mojo org.apache.maven.plugins:maven-jar-plugin:2.4:jar from plugin realm ClassRealm[plugin>org.apache.maven.plugins:maven-jar-plugin:2.4, parent: sun.misc.Launcher$AppClassLoader@5c647e05]
[DEBUG] Configuring mojo 'org.apache.maven.plugins:maven-jar-plugin:2.4:jar' with basic configurator -->
[DEBUG]   (f) classesDirectory = S:\proyectos\argos\argos-api\target\classes
[DEBUG]   (f) defaultManifestFile = S:\proyectos\argos\argos-api\target\classes\META-INF\MANIFEST.MF
[DEBUG]   (f) finalName = argos-api-0.1.0-SNAPSHOT
[DEBUG]   (f) forceCreation = false
[DEBUG]   (f) outputDirectory = S:\proyectos\argos\argos-api\target
[DEBUG]   (f) project = MavenProject: com.samajackun.argos:argos-api:0.1.0-SNAPSHOT @ S:\proyectos\argos\argos-api\pom.xml
[DEBUG]   (f) session = org.apache.maven.execution.MavenSession@29e6eb25
[DEBUG]   (f) skipIfEmpty = false
[DEBUG]   (f) useDefaultManifestFile = false
[DEBUG] -- end configuration --
[DEBUG] isUp2date: false (Destination S:\proyectos\argos\argos-api\target\argos-api-0.1.0-SNAPSHOT.jar not found.)
[INFO] Building jar: S:\proyectos\argos\argos-api\target\argos-api-0.1.0-SNAPSHOT.jar
[DEBUG] adding directory META-INF/
[DEBUG] adding entry META-INF/MANIFEST.MF
[DEBUG] adding directory com/
[DEBUG] adding directory com/samajackun/
[DEBUG] adding directory com/samajackun/argos/
[DEBUG] adding directory com/samajackun/argos/json/
[DEBUG] adding directory com/samajackun/argos/json/dom/
[DEBUG] adding directory com/samajackun/argos/json/dom/antext/
[DEBUG] adding directory com/samajackun/argos/json/model/
[DEBUG] adding directory com/samajackun/argos/json/parser/
[DEBUG] adding directory com/samajackun/argos/json/serializer/
[DEBUG] adding directory com/samajackun/bobo/
[DEBUG] adding directory com/samajackun/bobo/json/
[DEBUG] adding directory com/samajackun/bobo/json/dom/
[DEBUG] adding directory com/samajackun/bobo/json/dom/antext/
[DEBUG] adding entry com/samajackun/argos/json/dom/antext/DomConverterTask$1.class
[DEBUG] adding entry com/samajackun/argos/json/dom/antext/DomConverterTask$NullValueConverterTxt.class
[DEBUG] adding entry com/samajackun/argos/json/dom/antext/DomConverterTask.class
[DEBUG] adding entry com/samajackun/argos/json/dom/antext/Namespace.class
[DEBUG] adding entry com/samajackun/argos/json/dom/ArrayConverter.class
[DEBUG] adding entry com/samajackun/argos/json/dom/DomConverter$1.class
[DEBUG] adding entry com/samajackun/argos/json/dom/DomConverter.class
[DEBUG] adding entry com/samajackun/argos/json/dom/DomPreferences.class
[DEBUG] adding entry com/samajackun/argos/json/dom/MultiChildNodeArrayConverter.class
[DEBUG] adding entry com/samajackun/argos/json/dom/NullValueConverter.class
[DEBUG] adding entry com/samajackun/argos/json/dom/OmitterNullValueConverter.class
[DEBUG] adding entry com/samajackun/argos/json/dom/RepeatedNodeArrayConverter.class
[DEBUG] adding entry com/samajackun/argos/json/dom/StringNullValueConverter.class
[DEBUG] adding entry com/samajackun/argos/json/dom/XsiNullValueConverter.class
[DEBUG] adding entry com/samajackun/argos/json/dom/XslHeader.class
[DEBUG] adding entry com/samajackun/argos/json/model/JsonArray.class
[DEBUG] adding entry com/samajackun/argos/json/model/JsonConstant.class
[DEBUG] adding entry com/samajackun/argos/json/model/JsonHash.class
[DEBUG] adding entry com/samajackun/argos/json/model/JsonNamedEntry.class
[DEBUG] adding entry com/samajackun/argos/json/model/JsonNull.class
[DEBUG] adding entry com/samajackun/argos/json/model/JsonValue$Type.class
[DEBUG] adding entry com/samajackun/argos/json/model/JsonValue.class
[DEBUG] adding entry com/samajackun/argos/json/parser/EndOfInputException.class
[DEBUG] adding entry com/samajackun/argos/json/parser/JsonParser$1.class
[DEBUG] adding entry com/samajackun/argos/json/parser/JsonParser$State1.class
[DEBUG] adding entry com/samajackun/argos/json/parser/JsonParser$State2.class
[DEBUG] adding entry com/samajackun/argos/json/parser/JsonParser$State3.class
[DEBUG] adding entry com/samajackun/argos/json/parser/JsonParser$State4.class
[DEBUG] adding entry com/samajackun/argos/json/parser/JsonParser$State5.class
[DEBUG] adding entry com/samajackun/argos/json/parser/JsonParser$State6.class
[DEBUG] adding entry com/samajackun/argos/json/parser/JsonParser.class
[DEBUG] adding entry com/samajackun/argos/json/parser/ParserException.class
[DEBUG] adding entry com/samajackun/argos/json/parser/UnexpectedSymbolException.class
[DEBUG] adding entry com/samajackun/argos/json/serializer/JsonSerializer$1.class
[DEBUG] adding entry com/samajackun/argos/json/serializer/JsonSerializer.class
[DEBUG] adding entry com/samajackun/argos/json/serializer/Serializer.class
[DEBUG] adding entry com/samajackun/argos/json/serializer/SerializerException.class
[DEBUG] adding entry com/samajackun/argos/json/serializer/XmlSerializer$1.class
[DEBUG] adding entry com/samajackun/argos/json/serializer/XmlSerializer.class
[DEBUG] adding entry com/samajackun/bobo/json/dom/antext/antlib.xml
[DEBUG] adding directory META-INF/maven/
[DEBUG] adding directory META-INF/maven/com.samajackun.argos/
[DEBUG] adding directory META-INF/maven/com.samajackun.argos/argos-api/
[DEBUG] adding entry META-INF/maven/com.samajackun.argos/argos-api/pom.xml
[DEBUG] adding entry META-INF/maven/com.samajackun.argos/argos-api/pom.properties
[INFO] 
[INFO] --- maven-install-plugin:2.4:install (default-install) @ argos-api ---
[DEBUG] Configuring mojo org.apache.maven.plugins:maven-install-plugin:2.4:install from plugin realm ClassRealm[plugin>org.apache.maven.plugins:maven-install-plugin:2.4, parent: sun.misc.Launcher$AppClassLoader@5c647e05]
[DEBUG] Configuring mojo 'org.apache.maven.plugins:maven-install-plugin:2.4:install' with basic configurator -->
[DEBUG]   (f) artifact = com.samajackun.argos:argos-api:jar:0.1.0-SNAPSHOT
[DEBUG]   (f) attachedArtifacts = []
[DEBUG]   (f) createChecksum = false
[DEBUG]   (f) localRepository =        id: local
      url: file:///c:/Users/Santi/.m2/repository/
   layout: none

[DEBUG]   (f) packaging = jar
[DEBUG]   (f) pomFile = S:\proyectos\argos\argos-api\pom.xml
[DEBUG]   (s) skip = false
[DEBUG]   (f) updateReleaseInfo = false
[DEBUG] -- end configuration --
[INFO] Installing S:\proyectos\argos\argos-api\target\argos-api-0.1.0-SNAPSHOT.jar to c:\Users\Santi\.m2\repository\com\samajackun\argos\argos-api\0.1.0-SNAPSHOT\argos-api-0.1.0-SNAPSHOT.jar
[DEBUG] Writing tracking file c:\Users\Santi\.m2\repository\com\samajackun\argos\argos-api\0.1.0-SNAPSHOT\_remote.repositories
[INFO] Installing S:\proyectos\argos\argos-api\pom.xml to c:\Users\Santi\.m2\repository\com\samajackun\argos\argos-api\0.1.0-SNAPSHOT\argos-api-0.1.0-SNAPSHOT.pom
[DEBUG] Writing tracking file c:\Users\Santi\.m2\repository\com\samajackun\argos\argos-api\0.1.0-SNAPSHOT\_remote.repositories
[DEBUG] Installing com.samajackun.argos:argos-api:0.1.0-SNAPSHOT/maven-metadata.xml to c:\Users\Santi\.m2\repository\com\samajackun\argos\argos-api\0.1.0-SNAPSHOT\maven-metadata-local.xml
[DEBUG] Installing com.samajackun.argos:argos-api/maven-metadata.xml to c:\Users\Santi\.m2\repository\com\samajackun\argos\argos-api\maven-metadata-local.xml
[INFO] ------------------------------------------------------------------------
[INFO] Reactor Summary:
[INFO] 
[INFO] Argos project set ................................. SUCCESS [0.415s]
[INFO] Argos API ......................................... SUCCESS [5.313s]
[INFO] ------------------------------------------------------------------------
[INFO] BUILD SUCCESS
[INFO] ------------------------------------------------------------------------
[INFO] Total time: 5.843s
[INFO] Finished at: Wed Aug 22 09:29:23 CEST 2018
[INFO] Final Memory: 16M/176M
[INFO] ------------------------------------------------------------------------
